2025-02-26 10:38:41 [restartedMain] INFO  o.e.stockradar.StockradarApplication - Starting StockradarApplication using Java 17.0.13 with PID 26451 (/Users/vf20093/Desktop/stockradar/build/classes/java/main started by vf20093 in /Users/vf20093/Desktop/stockradar)
2025-02-26 10:38:41 [restartedMain] INFO  o.e.stockradar.StockradarApplication - The following 1 profile is active: "local"
2025-02-26 10:38:41 [restartedMain] INFO  o.s.b.d.e.DevToolsPropertyDefaultsPostProcessor - Devtools property defaults active! Set 'spring.devtools.add-properties' to 'false' to disable
2025-02-26 10:38:41 [restartedMain] INFO  o.s.b.d.e.DevToolsPropertyDefaultsPostProcessor - For additional web related logging consider setting the 'logging.level.web' property to 'DEBUG'
2025-02-26 10:38:42 [restartedMain] INFO  o.s.d.r.c.RepositoryConfigurationDelegate - Multiple Spring Data modules found, entering strict repository configuration mode
2025-02-26 10:38:42 [restartedMain] INFO  o.s.d.r.c.RepositoryConfigurationDelegate - Bootstrapping Spring Data JPA repositories in DEFAULT mode.
2025-02-26 10:38:42 [restartedMain] INFO  o.s.d.r.c.RepositoryConfigurationDelegate - Finished Spring Data repository scanning in 93 ms. Found 1 JPA repository interface.
2025-02-26 10:38:42 [restartedMain] INFO  o.s.d.r.c.RepositoryConfigurationDelegate - Multiple Spring Data modules found, entering strict repository configuration mode
2025-02-26 10:38:42 [restartedMain] INFO  o.s.d.r.c.RepositoryConfigurationDelegate - Bootstrapping Spring Data Redis repositories in DEFAULT mode.
2025-02-26 10:38:42 [restartedMain] INFO  o.s.d.r.c.RepositoryConfigurationExtensionSupport - Spring Data Redis - Could not safely identify store assignment for repository candidate interface org.example.stockradar.feature.auth.repository.MemberRepository; If you want this repository to be a Redis repository, consider annotating your entities with one of these annotations: org.springframework.data.redis.core.RedisHash (preferred), or consider extending one of the following types with your repository: org.springframework.data.keyvalue.repository.KeyValueRepository
2025-02-26 10:38:42 [restartedMain] INFO  o.s.d.r.c.RepositoryConfigurationDelegate - Finished Spring Data repository scanning in 2 ms. Found 0 Redis repository interfaces.
2025-02-26 10:38:42 [restartedMain] INFO  o.s.b.w.e.tomcat.TomcatWebServer - Tomcat initialized with port 8080 (http)
2025-02-26 10:38:42 [restartedMain] INFO  o.a.catalina.core.StandardService - Starting service [Tomcat]
2025-02-26 10:38:42 [restartedMain] INFO  o.a.catalina.core.StandardEngine - Starting Servlet engine: [Apache Tomcat/10.1.34]
2025-02-26 10:38:42 [restartedMain] INFO  o.a.c.c.C.[Tomcat].[localhost].[/] - Initializing Spring embedded WebApplicationContext
2025-02-26 10:38:43 [restartedMain] INFO  o.h.jpa.internal.util.LogHelper - HHH000204: Processing PersistenceUnitInfo [name: default]
2025-02-26 10:38:43 [restartedMain] INFO  org.hibernate.Version - HHH000412: Hibernate ORM core version 6.6.5.Final
2025-02-26 10:38:43 [restartedMain] INFO  o.h.c.i.RegionFactoryInitiator - HHH000026: Second-level cache disabled
2025-02-26 10:38:43 [restartedMain] INFO  o.s.o.j.p.SpringPersistenceUnitInfo - No LoadTimeWeaver setup: ignoring JPA class transformer
2025-02-26 10:38:43 [restartedMain] INFO  com.zaxxer.hikari.HikariDataSource - HikariPool-1 - Starting...
2025-02-26 10:38:43 [restartedMain] INFO  com.zaxxer.hikari.pool.HikariPool - HikariPool-1 - Added connection com.mysql.cj.jdbc.ConnectionImpl@129535d3
2025-02-26 10:38:43 [restartedMain] INFO  com.zaxxer.hikari.HikariDataSource - HikariPool-1 - Start completed.
2025-02-26 10:38:43 [restartedMain] INFO  o.hibernate.orm.connections.pooling - HHH10001005: Database info:
	Database JDBC URL [Connecting through datasource 'HikariDataSource (HikariPool-1)']
	Database driver: undefined/unknown
	Database version: 8.0.40
	Autocommit mode: undefined/unknown
	Isolation level: undefined/unknown
	Minimum pool size: undefined/unknown
	Maximum pool size: undefined/unknown
2025-02-26 10:38:43 [restartedMain] INFO  o.h.e.t.j.p.i.JtaPlatformInitiator - HHH000489: No JTA platform available (set 'hibernate.transaction.jta.platform' to enable JTA platform integration)
2025-02-26 10:38:43 [restartedMain] DEBUG org.hibernate.SQL - 
    [34mdrop[0m [34mtable[0m [34mif[0m [34mexists[0m [34mmember[0m
2025-02-26 10:38:43 [restartedMain] DEBUG org.hibernate.SQL - 
    [34mcreate[0m [34mtable[0m [34mmember[0m (
        created_at datetime(6) [34mnot[0m [34mnull[0m,
        last_modified_at datetime(6) [34mnot[0m [34mnull[0m,
        member_code [34mbigint[0m [34mnot[0m [34mnull[0m auto_increment,
        member_id [34mvarchar[0m(50) [34mnot[0m [34mnull[0m,
        member_phone [34mvarchar[0m(255),
        member_pw [34mvarchar[0m(255) [34mnot[0m [34mnull[0m,
        user_name [34mvarchar[0m(255) [34mnot[0m [34mnull[0m,
        role enum ([36m'ADMIN'[0m,[36m'[34mMEMBER[0m'[0m) [34mnot[0m [34mnull[0m,
        [34mprimary[0m [34mkey[0m (member_code)
    ) engine=InnoDB
2025-02-26 10:38:43 [restartedMain] DEBUG org.hibernate.SQL - 
    [34malter[0m [34mtable[0m [34mmember[0m 
       [34madd[0m [34mconstraint[0m UK4rw879c4q7wrgi3v64cy73b17 [34munique[0m (member_id)
2025-02-26 10:38:43 [restartedMain] INFO  o.s.o.j.LocalContainerEntityManagerFactoryBean - Initialized JPA EntityManagerFactory for persistence unit 'default'
2025-02-26 10:38:44 [restartedMain] WARN  o.s.b.a.o.j.JpaBaseConfiguration$JpaWebConfiguration - spring.jpa.open-in-view is enabled by default. Therefore, database queries may be performed during view rendering. Explicitly configure spring.jpa.open-in-view to disable this warning
2025-02-26 10:38:44 [restartedMain] INFO  o.s.s.c.a.a.c.InitializeUserDetailsBeanManagerConfigurer$InitializeUserDetailsManagerConfigurer - Global AuthenticationManager configured with UserDetailsService bean with name customUserDetailsService
2025-02-26 10:38:44 [restartedMain] DEBUG o.s.w.s.m.m.a.RequestMappingHandlerMapping - 9 mappings in 'requestMappingHandlerMapping'
2025-02-26 10:38:44 [restartedMain] DEBUG o.s.w.s.h.SimpleUrlHandlerMapping - Patterns [/webjars/**, /**] in 'resourceHandlerMapping'
2025-02-26 10:38:44 [restartedMain] DEBUG o.s.w.s.m.m.a.RequestMappingHandlerAdapter - ControllerAdvice beans: 0 @ModelAttribute, 0 @InitBinder, 1 RequestBodyAdvice, 1 ResponseBodyAdvice
2025-02-26 10:38:44 [restartedMain] DEBUG o.s.w.s.m.m.a.ExceptionHandlerExceptionResolver - ControllerAdvice beans: 0 @ExceptionHandler, 1 ResponseBodyAdvice
2025-02-26 10:38:44 [restartedMain] INFO  o.s.b.d.a.OptionalLiveReloadServer - LiveReload server is running on port 35729
2025-02-26 10:38:44 [restartedMain] INFO  o.s.b.w.e.tomcat.TomcatWebServer - Tomcat started on port 8080 (http) with context path '/'
2025-02-26 10:38:44 [restartedMain] INFO  o.e.stockradar.StockradarApplication - Started StockradarApplication in 3.323 seconds (process running for 3.998)
2025-02-26 10:39:32 [http-nio-8080-exec-1] INFO  o.a.c.c.C.[Tomcat].[localhost].[/] - Initializing Spring DispatcherServlet 'dispatcherServlet'
2025-02-26 10:39:32 [http-nio-8080-exec-1] INFO  o.s.web.servlet.DispatcherServlet - Initializing Servlet 'dispatcherServlet'
2025-02-26 10:39:32 [http-nio-8080-exec-1] DEBUG o.s.web.servlet.DispatcherServlet - Detected StandardServletMultipartResolver
2025-02-26 10:39:32 [http-nio-8080-exec-1] DEBUG o.s.web.servlet.DispatcherServlet - Detected AcceptHeaderLocaleResolver
2025-02-26 10:39:32 [http-nio-8080-exec-1] DEBUG o.s.web.servlet.DispatcherServlet - Detected FixedThemeResolver
2025-02-26 10:39:32 [http-nio-8080-exec-1] DEBUG o.s.web.servlet.DispatcherServlet - Detected org.springframework.web.servlet.view.DefaultRequestToViewNameTranslator@250d000d
2025-02-26 10:39:32 [http-nio-8080-exec-1] DEBUG o.s.web.servlet.DispatcherServlet - Detected org.springframework.web.servlet.support.SessionFlashMapManager@1bae08ed
2025-02-26 10:39:32 [http-nio-8080-exec-1] DEBUG o.s.web.servlet.DispatcherServlet - enableLoggingRequestDetails='false': request parameters and headers will be masked to prevent unsafe logging of potentially sensitive data
2025-02-26 10:39:32 [http-nio-8080-exec-1] INFO  o.s.web.servlet.DispatcherServlet - Completed initialization in 1 ms
2025-02-26 10:39:37 [http-nio-8080-exec-3] DEBUG o.s.web.servlet.DispatcherServlet - GET "/login", parameters={}
2025-02-26 10:39:37 [http-nio-8080-exec-3] DEBUG o.s.w.s.m.m.a.RequestMappingHandlerMapping - Mapped to org.example.stockradar.feature.auth.controller.ViewController#loginForm()
2025-02-26 10:39:37 [http-nio-8080-exec-3] DEBUG o.s.w.s.v.ContentNegotiatingViewResolver - Selected 'text/html' given [text/html, application/xhtml+xml, image/avif, image/webp, image/apng, application/xml;q=0.9, */*;q=0.8, application/signed-exchange;v=b3;q=0.7]
2025-02-26 10:39:37 [http-nio-8080-exec-3] DEBUG o.s.web.servlet.DispatcherServlet - Completed 200 OK
2025-02-26 10:39:40 [http-nio-8080-exec-5] DEBUG o.s.web.servlet.DispatcherServlet - GET "/signup", parameters={}
2025-02-26 10:39:40 [http-nio-8080-exec-5] DEBUG o.s.w.s.m.m.a.RequestMappingHandlerMapping - Mapped to org.example.stockradar.feature.auth.controller.ViewController#signupForm()
2025-02-26 10:39:40 [http-nio-8080-exec-5] DEBUG o.s.w.s.v.ContentNegotiatingViewResolver - Selected 'text/html' given [text/html, application/xhtml+xml, image/avif, image/webp, image/apng, application/xml;q=0.9, */*;q=0.8, application/signed-exchange;v=b3;q=0.7]
2025-02-26 10:39:40 [http-nio-8080-exec-5] DEBUG o.s.web.servlet.DispatcherServlet - Completed 200 OK
2025-02-26 10:39:58 [http-nio-8080-exec-7] DEBUG o.s.web.servlet.DispatcherServlet - POST "/auth/signup", parameters={masked}
2025-02-26 10:39:58 [http-nio-8080-exec-7] DEBUG o.s.w.s.m.m.a.RequestMappingHandlerMapping - Mapped to org.example.stockradar.feature.auth.controller.AuthController#signup(MemberSignupDto, Model)
2025-02-26 10:39:58 [http-nio-8080-exec-7] DEBUG org.hibernate.SQL - 
    /* <criteria> */ [34mselect[0m
        m1_0.member_code,
        m1_0.created_at,
        m1_0.last_modified_at,
        m1_0.member_id,
        m1_0.member_phone,
        m1_0.member_pw,
        m1_0.role,
        m1_0.user_name 
    [34mfrom[0m
        [34mmember[0m m1_0 
    [34mwhere[0m
        m1_0.member_id=?
2025-02-26 10:39:58 [http-nio-8080-exec-7] DEBUG org.hibernate.SQL - 
    /* [34minsert[0m [34mfor[0m
        org.example.stockradar.feature.auth.entity.[34mMember[0m */[34minsert[0m 
    [34minto[0m
        [34mmember[0m (created_at, last_modified_at, member_id, member_phone, member_pw, role, user_name) 
    [34mvalues[0m
        (?, ?, ?, ?, ?, ?, ?)
2025-02-26 10:39:58 [http-nio-8080-exec-7] DEBUG o.s.w.s.m.m.a.RequestResponseBodyMethodProcessor - Using 'text/html', given [text/html, application/xhtml+xml, image/avif, image/webp, image/apng, application/xml;q=0.9, */*;q=0.8, application/signed-exchange;v=b3;q=0.7] and supported [text/plain, */*, application/json, application/*+json]
2025-02-26 10:39:58 [http-nio-8080-exec-7] DEBUG o.s.w.s.m.m.a.RequestResponseBodyMethodProcessor - Writing ["redirect:/login"]
2025-02-26 10:39:58 [http-nio-8080-exec-7] DEBUG o.s.web.servlet.DispatcherServlet - Completed 200 OK
2025-02-26 10:40:24 [http-nio-8080-exec-9] DEBUG o.s.web.servlet.DispatcherServlet - GET "/signup", parameters={}
2025-02-26 10:40:24 [http-nio-8080-exec-9] DEBUG o.s.w.s.m.m.a.RequestMappingHandlerMapping - Mapped to org.example.stockradar.feature.auth.controller.ViewController#signupForm()
2025-02-26 10:40:24 [http-nio-8080-exec-9] DEBUG o.s.w.s.v.ContentNegotiatingViewResolver - Selected 'text/html' given [text/html, application/xhtml+xml, image/avif, image/webp, image/apng, application/xml;q=0.9, */*;q=0.8, application/signed-exchange;v=b3;q=0.7]
2025-02-26 10:40:24 [http-nio-8080-exec-9] DEBUG o.s.web.servlet.DispatcherServlet - Completed 200 OK
2025-02-26 10:40:27 [http-nio-8080-exec-1] DEBUG o.s.web.servlet.DispatcherServlet - GET "/login", parameters={}
2025-02-26 10:40:27 [http-nio-8080-exec-1] DEBUG o.s.w.s.m.m.a.RequestMappingHandlerMapping - Mapped to org.example.stockradar.feature.auth.controller.ViewController#loginForm()
2025-02-26 10:40:27 [http-nio-8080-exec-1] DEBUG o.s.w.s.v.ContentNegotiatingViewResolver - Selected 'text/html' given [text/html, application/xhtml+xml, image/avif, image/webp, image/apng, application/xml;q=0.9, */*;q=0.8, application/signed-exchange;v=b3;q=0.7]
2025-02-26 10:40:27 [http-nio-8080-exec-1] DEBUG o.s.web.servlet.DispatcherServlet - Completed 200 OK
2025-02-26 10:40:39 [http-nio-8080-exec-4] DEBUG o.s.web.servlet.DispatcherServlet - GET "/login", parameters={}
2025-02-26 10:40:39 [http-nio-8080-exec-4] DEBUG o.s.w.s.m.m.a.RequestMappingHandlerMapping - Mapped to org.example.stockradar.feature.auth.controller.ViewController#loginForm()
2025-02-26 10:40:39 [http-nio-8080-exec-4] DEBUG o.s.w.s.v.ContentNegotiatingViewResolver - Selected 'text/html' given [text/html, application/xhtml+xml, image/avif, image/webp, image/apng, application/xml;q=0.9, */*;q=0.8, application/signed-exchange;v=b3;q=0.7]
2025-02-26 10:40:39 [http-nio-8080-exec-4] DEBUG o.s.web.servlet.DispatcherServlet - Completed 200 OK
2025-02-26 10:40:43 [http-nio-8080-exec-6] DEBUG o.s.web.servlet.DispatcherServlet - GET "/signup", parameters={}
2025-02-26 10:40:43 [http-nio-8080-exec-6] DEBUG o.s.w.s.m.m.a.RequestMappingHandlerMapping - Mapped to org.example.stockradar.feature.auth.controller.ViewController#signupForm()
2025-02-26 10:40:43 [http-nio-8080-exec-6] DEBUG o.s.w.s.v.ContentNegotiatingViewResolver - Selected 'text/html' given [text/html, application/xhtml+xml, image/avif, image/webp, image/apng, application/xml;q=0.9, */*;q=0.8, application/signed-exchange;v=b3;q=0.7]
2025-02-26 10:40:43 [http-nio-8080-exec-6] DEBUG o.s.web.servlet.DispatcherServlet - Completed 200 OK
2025-02-26 10:41:15 [http-nio-8080-exec-8] DEBUG o.s.web.servlet.DispatcherServlet - GET "/login", parameters={}
2025-02-26 10:41:15 [http-nio-8080-exec-8] DEBUG o.s.w.s.m.m.a.RequestMappingHandlerMapping - Mapped to org.example.stockradar.feature.auth.controller.ViewController#loginForm()
2025-02-26 10:41:15 [http-nio-8080-exec-8] DEBUG o.s.w.s.v.ContentNegotiatingViewResolver - Selected 'text/html' given [text/html, application/xhtml+xml, image/avif, image/webp, image/apng, application/xml;q=0.9, */*;q=0.8, application/signed-exchange;v=b3;q=0.7]
2025-02-26 10:41:15 [http-nio-8080-exec-8] DEBUG o.s.web.servlet.DispatcherServlet - Completed 200 OK
2025-02-26 10:41:24 [http-nio-8080-exec-10] DEBUG o.s.web.servlet.DispatcherServlet - POST "/auth/login", parameters={masked}
2025-02-26 10:41:24 [http-nio-8080-exec-10] DEBUG o.s.w.s.m.m.a.RequestMappingHandlerMapping - Mapped to org.example.stockradar.feature.auth.controller.AuthController#login(LoginRequest, HttpServletResponse, Model)
2025-02-26 10:41:24 [http-nio-8080-exec-10] DEBUG org.hibernate.SQL - 
    /* <criteria> */ [34mselect[0m
        m1_0.member_code,
        m1_0.created_at,
        m1_0.last_modified_at,
        m1_0.member_id,
        m1_0.member_phone,
        m1_0.member_pw,
        m1_0.role,
        m1_0.user_name 
    [34mfrom[0m
        [34mmember[0m m1_0 
    [34mwhere[0m
        m1_0.member_id=?
2025-02-26 10:41:25 [http-nio-8080-exec-10] DEBUG o.s.web.servlet.DispatcherServlet - Failed to complete request: org.springframework.data.redis.RedisConnectionFailureException: Unable to connect to Redis
2025-02-26 10:41:25 [http-nio-8080-exec-10] ERROR o.a.c.c.C.[.[.[.[dispatcherServlet] - Servlet.service() for servlet [dispatcherServlet] in context with path [] threw exception [Request processing failed: org.springframework.data.redis.RedisConnectionFailureException: Unable to connect to Redis] with root cause
java.net.ConnectException: Connection refused
	at java.base/sun.nio.ch.Net.pollConnect(Native Method)
	at java.base/sun.nio.ch.Net.pollConnectNow(Net.java:672)
	at java.base/sun.nio.ch.SocketChannelImpl.finishConnect(SocketChannelImpl.java:946)
	at io.netty.channel.socket.nio.NioSocketChannel.doFinishConnect(NioSocketChannel.java:336)
	at io.netty.channel.nio.AbstractNioChannel$AbstractNioUnsafe.finishConnect(AbstractNioChannel.java:339)
	at io.netty.channel.nio.NioEventLoop.processSelectedKey(NioEventLoop.java:776)
	at io.netty.channel.nio.NioEventLoop.processSelectedKeysOptimized(NioEventLoop.java:724)
	at io.netty.channel.nio.NioEventLoop.processSelectedKeys(NioEventLoop.java:650)
	at io.netty.channel.nio.NioEventLoop.run(NioEventLoop.java:562)
	at io.netty.util.concurrent.SingleThreadEventExecutor$4.run(SingleThreadEventExecutor.java:997)
	at io.netty.util.internal.ThreadExecutorMap$2.run(ThreadExecutorMap.java:74)
	at io.netty.util.concurrent.FastThreadLocalRunnable.run(FastThreadLocalRunnable.java:30)
	at java.base/java.lang.Thread.run(Thread.java:840)
2025-02-26 11:01:13 [HikariPool-1 housekeeper] WARN  com.zaxxer.hikari.pool.HikariPool - HikariPool-1 - Thread starvation or clock leap detected (housekeeper delta=9m30s126ms).
2025-02-26 11:04:21 [File Watcher] INFO  o.s.b.d.a.LocalDevToolsAutoConfiguration$RestartingClassPathChangeChangedEventListener - Restarting due to 6 class path changes (0 additions, 0 deletions, 6 modifications)
2025-02-26 11:04:21 [Thread-5] INFO  o.s.b.w.e.tomcat.GracefulShutdown - Commencing graceful shutdown. Waiting for active requests to complete
2025-02-26 11:04:21 [tomcat-shutdown] INFO  o.s.b.w.e.tomcat.GracefulShutdown - Graceful shutdown complete
2025-02-26 11:04:21 [Thread-5] INFO  o.s.o.j.LocalContainerEntityManagerFactoryBean - Closing JPA EntityManagerFactory for persistence unit 'default'
2025-02-26 11:04:21 [Thread-5] INFO  com.zaxxer.hikari.HikariDataSource - HikariPool-1 - Shutdown initiated...
2025-02-26 11:04:21 [Thread-5] INFO  com.zaxxer.hikari.HikariDataSource - HikariPool-1 - Shutdown completed.
2025-02-26 11:04:21 [restartedMain] INFO  o.e.stockradar.StockradarApplication - Starting StockradarApplication using Java 17.0.13 with PID 26451 (/Users/vf20093/Desktop/stockradar/build/classes/java/main started by vf20093 in /Users/vf20093/Desktop/stockradar)
2025-02-26 11:04:21 [restartedMain] INFO  o.e.stockradar.StockradarApplication - The following 1 profile is active: "local"
2025-02-26 11:04:21 [restartedMain] INFO  o.s.d.r.c.RepositoryConfigurationDelegate - Multiple Spring Data modules found, entering strict repository configuration mode
2025-02-26 11:04:21 [restartedMain] INFO  o.s.d.r.c.RepositoryConfigurationDelegate - Bootstrapping Spring Data JPA repositories in DEFAULT mode.
2025-02-26 11:04:21 [restartedMain] INFO  o.s.d.r.c.RepositoryConfigurationDelegate - Finished Spring Data repository scanning in 6 ms. Found 1 JPA repository interface.
2025-02-26 11:04:21 [restartedMain] INFO  o.s.d.r.c.RepositoryConfigurationDelegate - Multiple Spring Data modules found, entering strict repository configuration mode
2025-02-26 11:04:21 [restartedMain] INFO  o.s.d.r.c.RepositoryConfigurationDelegate - Bootstrapping Spring Data Redis repositories in DEFAULT mode.
2025-02-26 11:04:21 [restartedMain] INFO  o.s.d.r.c.RepositoryConfigurationExtensionSupport - Spring Data Redis - Could not safely identify store assignment for repository candidate interface org.example.stockradar.feature.auth.repository.MemberRepository; If you want this repository to be a Redis repository, consider annotating your entities with one of these annotations: org.springframework.data.redis.core.RedisHash (preferred), or consider extending one of the following types with your repository: org.springframework.data.keyvalue.repository.KeyValueRepository
2025-02-26 11:04:21 [restartedMain] INFO  o.s.d.r.c.RepositoryConfigurationDelegate - Finished Spring Data repository scanning in 1 ms. Found 0 Redis repository interfaces.
2025-02-26 11:04:21 [restartedMain] INFO  o.s.b.w.e.tomcat.TomcatWebServer - Tomcat initialized with port 8080 (http)
2025-02-26 11:04:21 [restartedMain] INFO  o.a.catalina.core.StandardService - Starting service [Tomcat]
2025-02-26 11:04:21 [restartedMain] INFO  o.a.catalina.core.StandardEngine - Starting Servlet engine: [Apache Tomcat/10.1.34]
2025-02-26 11:04:21 [restartedMain] INFO  o.a.c.c.C.[Tomcat].[localhost].[/] - Initializing Spring embedded WebApplicationContext
2025-02-26 11:04:21 [restartedMain] INFO  o.h.jpa.internal.util.LogHelper - HHH000204: Processing PersistenceUnitInfo [name: default]
2025-02-26 11:04:21 [restartedMain] INFO  o.h.c.i.RegionFactoryInitiator - HHH000026: Second-level cache disabled
2025-02-26 11:04:21 [restartedMain] INFO  o.s.o.j.p.SpringPersistenceUnitInfo - No LoadTimeWeaver setup: ignoring JPA class transformer
2025-02-26 11:04:21 [restartedMain] INFO  com.zaxxer.hikari.HikariDataSource - HikariPool-2 - Starting...
2025-02-26 11:04:21 [restartedMain] INFO  com.zaxxer.hikari.pool.HikariPool - HikariPool-2 - Added connection com.mysql.cj.jdbc.ConnectionImpl@1d49d2bb
2025-02-26 11:04:21 [restartedMain] INFO  com.zaxxer.hikari.HikariDataSource - HikariPool-2 - Start completed.
2025-02-26 11:04:21 [restartedMain] INFO  o.hibernate.orm.connections.pooling - HHH10001005: Database info:
	Database JDBC URL [Connecting through datasource 'HikariDataSource (HikariPool-2)']
	Database driver: undefined/unknown
	Database version: 8.0.40
	Autocommit mode: undefined/unknown
	Isolation level: undefined/unknown
	Minimum pool size: undefined/unknown
	Maximum pool size: undefined/unknown
2025-02-26 11:04:21 [restartedMain] INFO  o.h.e.t.j.p.i.JtaPlatformInitiator - HHH000489: No JTA platform available (set 'hibernate.transaction.jta.platform' to enable JTA platform integration)
2025-02-26 11:04:21 [restartedMain] DEBUG org.hibernate.SQL - 
    [34mdrop[0m [34mtable[0m [34mif[0m [34mexists[0m [34mmember[0m
2025-02-26 11:04:21 [restartedMain] DEBUG org.hibernate.SQL - 
    [34mcreate[0m [34mtable[0m [34mmember[0m (
        created_at datetime(6) [34mnot[0m [34mnull[0m,
        last_modified_at datetime(6) [34mnot[0m [34mnull[0m,
        member_code [34mbigint[0m [34mnot[0m [34mnull[0m auto_increment,
        member_id [34mvarchar[0m(50) [34mnot[0m [34mnull[0m,
        member_phone [34mvarchar[0m(255),
        member_pw [34mvarchar[0m(255) [34mnot[0m [34mnull[0m,
        user_name [34mvarchar[0m(255) [34mnot[0m [34mnull[0m,
        role enum ([36m'ADMIN'[0m,[36m'[34mMEMBER[0m'[0m) [34mnot[0m [34mnull[0m,
        [34mprimary[0m [34mkey[0m (member_code)
    ) engine=InnoDB
2025-02-26 11:04:21 [restartedMain] DEBUG org.hibernate.SQL - 
    [34malter[0m [34mtable[0m [34mmember[0m 
       [34madd[0m [34mconstraint[0m UK4rw879c4q7wrgi3v64cy73b17 [34munique[0m (member_id)
2025-02-26 11:04:21 [restartedMain] INFO  o.s.o.j.LocalContainerEntityManagerFactoryBean - Initialized JPA EntityManagerFactory for persistence unit 'default'
2025-02-26 11:04:21 [restartedMain] WARN  o.s.b.a.o.j.JpaBaseConfiguration$JpaWebConfiguration - spring.jpa.open-in-view is enabled by default. Therefore, database queries may be performed during view rendering. Explicitly configure spring.jpa.open-in-view to disable this warning
2025-02-26 11:04:21 [restartedMain] INFO  o.s.s.c.a.a.c.InitializeUserDetailsBeanManagerConfigurer$InitializeUserDetailsManagerConfigurer - Global AuthenticationManager configured with UserDetailsService bean with name customUserDetailsService
2025-02-26 11:04:21 [restartedMain] DEBUG o.s.w.s.m.m.a.RequestMappingHandlerMapping - 9 mappings in 'requestMappingHandlerMapping'
2025-02-26 11:04:21 [restartedMain] DEBUG o.s.w.s.h.SimpleUrlHandlerMapping - Patterns [/webjars/**, /**] in 'resourceHandlerMapping'
2025-02-26 11:04:21 [restartedMain] DEBUG o.s.w.s.m.m.a.RequestMappingHandlerAdapter - ControllerAdvice beans: 0 @ModelAttribute, 0 @InitBinder, 1 RequestBodyAdvice, 1 ResponseBodyAdvice
2025-02-26 11:04:21 [restartedMain] DEBUG o.s.w.s.m.m.a.ExceptionHandlerExceptionResolver - ControllerAdvice beans: 0 @ExceptionHandler, 1 ResponseBodyAdvice
2025-02-26 11:04:21 [restartedMain] INFO  o.s.b.d.a.OptionalLiveReloadServer - LiveReload server is running on port 35729
2025-02-26 11:04:21 [restartedMain] INFO  o.s.b.w.e.tomcat.TomcatWebServer - Tomcat started on port 8080 (http) with context path '/'
2025-02-26 11:04:21 [restartedMain] INFO  o.e.stockradar.StockradarApplication - Started StockradarApplication in 0.56 seconds (process running for 1000.862)
2025-02-26 11:04:21 [restartedMain] INFO  o.s.b.d.a.ConditionEvaluationDeltaLoggingListener - Condition evaluation unchanged
2025-02-26 11:04:31 [SpringApplicationShutdownHook] INFO  o.s.b.w.e.tomcat.GracefulShutdown - Commencing graceful shutdown. Waiting for active requests to complete
2025-02-26 11:04:31 [tomcat-shutdown] INFO  o.s.b.w.e.tomcat.GracefulShutdown - Graceful shutdown complete
2025-02-26 11:04:31 [SpringApplicationShutdownHook] INFO  o.s.o.j.LocalContainerEntityManagerFactoryBean - Closing JPA EntityManagerFactory for persistence unit 'default'
2025-02-26 11:04:31 [SpringApplicationShutdownHook] INFO  com.zaxxer.hikari.HikariDataSource - HikariPool-2 - Shutdown initiated...
2025-02-26 11:04:31 [SpringApplicationShutdownHook] INFO  com.zaxxer.hikari.HikariDataSource - HikariPool-2 - Shutdown completed.
2025-02-26 11:04:33 [restartedMain] INFO  o.e.stockradar.StockradarApplication - Starting StockradarApplication using Java 17.0.13 with PID 27176 (/Users/vf20093/Desktop/stockradar/build/classes/java/main started by vf20093 in /Users/vf20093/Desktop/stockradar)
2025-02-26 11:04:33 [restartedMain] INFO  o.e.stockradar.StockradarApplication - The following 1 profile is active: "local"
2025-02-26 11:04:33 [restartedMain] INFO  o.s.b.d.e.DevToolsPropertyDefaultsPostProcessor - Devtools property defaults active! Set 'spring.devtools.add-properties' to 'false' to disable
2025-02-26 11:04:33 [restartedMain] INFO  o.s.b.d.e.DevToolsPropertyDefaultsPostProcessor - For additional web related logging consider setting the 'logging.level.web' property to 'DEBUG'
2025-02-26 11:04:33 [restartedMain] INFO  o.s.d.r.c.RepositoryConfigurationDelegate - Multiple Spring Data modules found, entering strict repository configuration mode
2025-02-26 11:04:33 [restartedMain] INFO  o.s.d.r.c.RepositoryConfigurationDelegate - Bootstrapping Spring Data JPA repositories in DEFAULT mode.
2025-02-26 11:04:34 [restartedMain] INFO  o.s.d.r.c.RepositoryConfigurationDelegate - Finished Spring Data repository scanning in 91 ms. Found 1 JPA repository interface.
2025-02-26 11:04:34 [restartedMain] INFO  o.s.d.r.c.RepositoryConfigurationDelegate - Multiple Spring Data modules found, entering strict repository configuration mode
2025-02-26 11:04:34 [restartedMain] INFO  o.s.d.r.c.RepositoryConfigurationDelegate - Bootstrapping Spring Data Redis repositories in DEFAULT mode.
2025-02-26 11:04:34 [restartedMain] INFO  o.s.d.r.c.RepositoryConfigurationExtensionSupport - Spring Data Redis - Could not safely identify store assignment for repository candidate interface org.example.stockradar.feature.auth.repository.MemberRepository; If you want this repository to be a Redis repository, consider annotating your entities with one of these annotations: org.springframework.data.redis.core.RedisHash (preferred), or consider extending one of the following types with your repository: org.springframework.data.keyvalue.repository.KeyValueRepository
2025-02-26 11:04:34 [restartedMain] INFO  o.s.d.r.c.RepositoryConfigurationDelegate - Finished Spring Data repository scanning in 3 ms. Found 0 Redis repository interfaces.
2025-02-26 11:04:34 [restartedMain] INFO  o.s.b.w.e.tomcat.TomcatWebServer - Tomcat initialized with port 8080 (http)
2025-02-26 11:04:34 [restartedMain] INFO  o.a.catalina.core.StandardService - Starting service [Tomcat]
2025-02-26 11:04:34 [restartedMain] INFO  o.a.catalina.core.StandardEngine - Starting Servlet engine: [Apache Tomcat/10.1.34]
2025-02-26 11:04:34 [restartedMain] INFO  o.a.c.c.C.[Tomcat].[localhost].[/] - Initializing Spring embedded WebApplicationContext
2025-02-26 11:04:34 [restartedMain] INFO  o.h.jpa.internal.util.LogHelper - HHH000204: Processing PersistenceUnitInfo [name: default]
2025-02-26 11:04:34 [restartedMain] INFO  org.hibernate.Version - HHH000412: Hibernate ORM core version 6.6.5.Final
2025-02-26 11:04:34 [restartedMain] INFO  o.h.c.i.RegionFactoryInitiator - HHH000026: Second-level cache disabled
2025-02-26 11:04:34 [restartedMain] INFO  o.s.o.j.p.SpringPersistenceUnitInfo - No LoadTimeWeaver setup: ignoring JPA class transformer
2025-02-26 11:04:34 [restartedMain] INFO  com.zaxxer.hikari.HikariDataSource - HikariPool-1 - Starting...
2025-02-26 11:04:34 [restartedMain] INFO  com.zaxxer.hikari.pool.HikariPool - HikariPool-1 - Added connection com.mysql.cj.jdbc.ConnectionImpl@c40ee32
2025-02-26 11:04:34 [restartedMain] INFO  com.zaxxer.hikari.HikariDataSource - HikariPool-1 - Start completed.
2025-02-26 11:04:34 [restartedMain] INFO  o.hibernate.orm.connections.pooling - HHH10001005: Database info:
	Database JDBC URL [Connecting through datasource 'HikariDataSource (HikariPool-1)']
	Database driver: undefined/unknown
	Database version: 8.0.40
	Autocommit mode: undefined/unknown
	Isolation level: undefined/unknown
	Minimum pool size: undefined/unknown
	Maximum pool size: undefined/unknown
2025-02-26 11:04:35 [restartedMain] INFO  o.h.e.t.j.p.i.JtaPlatformInitiator - HHH000489: No JTA platform available (set 'hibernate.transaction.jta.platform' to enable JTA platform integration)
2025-02-26 11:04:35 [restartedMain] DEBUG org.hibernate.SQL - 
    [34mdrop[0m [34mtable[0m [34mif[0m [34mexists[0m [34mmember[0m
2025-02-26 11:04:35 [restartedMain] DEBUG org.hibernate.SQL - 
    [34mcreate[0m [34mtable[0m [34mmember[0m (
        created_at datetime(6) [34mnot[0m [34mnull[0m,
        last_modified_at datetime(6) [34mnot[0m [34mnull[0m,
        member_code [34mbigint[0m [34mnot[0m [34mnull[0m auto_increment,
        member_id [34mvarchar[0m(50) [34mnot[0m [34mnull[0m,
        member_phone [34mvarchar[0m(255),
        member_pw [34mvarchar[0m(255) [34mnot[0m [34mnull[0m,
        user_name [34mvarchar[0m(255) [34mnot[0m [34mnull[0m,
        role enum ([36m'ADMIN'[0m,[36m'[34mMEMBER[0m'[0m) [34mnot[0m [34mnull[0m,
        [34mprimary[0m [34mkey[0m (member_code)
    ) engine=InnoDB
2025-02-26 11:04:35 [restartedMain] DEBUG org.hibernate.SQL - 
    [34malter[0m [34mtable[0m [34mmember[0m 
       [34madd[0m [34mconstraint[0m UK4rw879c4q7wrgi3v64cy73b17 [34munique[0m (member_id)
2025-02-26 11:04:35 [restartedMain] INFO  o.s.o.j.LocalContainerEntityManagerFactoryBean - Initialized JPA EntityManagerFactory for persistence unit 'default'
2025-02-26 11:04:35 [restartedMain] WARN  o.s.b.a.o.j.JpaBaseConfiguration$JpaWebConfiguration - spring.jpa.open-in-view is enabled by default. Therefore, database queries may be performed during view rendering. Explicitly configure spring.jpa.open-in-view to disable this warning
2025-02-26 11:04:35 [restartedMain] INFO  o.s.s.c.a.a.c.InitializeUserDetailsBeanManagerConfigurer$InitializeUserDetailsManagerConfigurer - Global AuthenticationManager configured with UserDetailsService bean with name customUserDetailsService
2025-02-26 11:04:35 [restartedMain] DEBUG o.s.w.s.m.m.a.RequestMappingHandlerMapping - 9 mappings in 'requestMappingHandlerMapping'
2025-02-26 11:04:35 [restartedMain] DEBUG o.s.w.s.h.SimpleUrlHandlerMapping - Patterns [/webjars/**, /**] in 'resourceHandlerMapping'
2025-02-26 11:04:35 [restartedMain] DEBUG o.s.w.s.m.m.a.RequestMappingHandlerAdapter - ControllerAdvice beans: 0 @ModelAttribute, 0 @InitBinder, 1 RequestBodyAdvice, 1 ResponseBodyAdvice
2025-02-26 11:04:35 [restartedMain] DEBUG o.s.w.s.m.m.a.ExceptionHandlerExceptionResolver - ControllerAdvice beans: 0 @ExceptionHandler, 1 ResponseBodyAdvice
2025-02-26 11:04:36 [restartedMain] INFO  o.s.b.d.a.OptionalLiveReloadServer - LiveReload server is running on port 35729
2025-02-26 11:04:36 [restartedMain] INFO  o.s.b.w.e.tomcat.TomcatWebServer - Tomcat started on port 8080 (http) with context path '/'
2025-02-26 11:04:36 [restartedMain] INFO  o.e.stockradar.StockradarApplication - Started StockradarApplication in 3.003 seconds (process running for 3.612)
2025-02-26 11:04:44 [http-nio-8080-exec-1] INFO  o.a.c.c.C.[Tomcat].[localhost].[/] - Initializing Spring DispatcherServlet 'dispatcherServlet'
2025-02-26 11:04:44 [http-nio-8080-exec-1] INFO  o.s.web.servlet.DispatcherServlet - Initializing Servlet 'dispatcherServlet'
2025-02-26 11:04:44 [http-nio-8080-exec-1] DEBUG o.s.web.servlet.DispatcherServlet - Detected StandardServletMultipartResolver
2025-02-26 11:04:44 [http-nio-8080-exec-1] DEBUG o.s.web.servlet.DispatcherServlet - Detected AcceptHeaderLocaleResolver
2025-02-26 11:04:44 [http-nio-8080-exec-1] DEBUG o.s.web.servlet.DispatcherServlet - Detected FixedThemeResolver
2025-02-26 11:04:44 [http-nio-8080-exec-1] DEBUG o.s.web.servlet.DispatcherServlet - Detected org.springframework.web.servlet.view.DefaultRequestToViewNameTranslator@68865fc7
2025-02-26 11:04:44 [http-nio-8080-exec-1] DEBUG o.s.web.servlet.DispatcherServlet - Detected org.springframework.web.servlet.support.SessionFlashMapManager@14b4e6d1
2025-02-26 11:04:44 [http-nio-8080-exec-1] DEBUG o.s.web.servlet.DispatcherServlet - enableLoggingRequestDetails='false': request parameters and headers will be masked to prevent unsafe logging of potentially sensitive data
2025-02-26 11:04:44 [http-nio-8080-exec-1] INFO  o.s.web.servlet.DispatcherServlet - Completed initialization in 2 ms
2025-02-26 11:04:44 [http-nio-8080-exec-1] DEBUG o.s.web.servlet.DispatcherServlet - GET "/login", parameters={}
2025-02-26 11:04:44 [http-nio-8080-exec-1] DEBUG o.s.w.s.m.m.a.RequestMappingHandlerMapping - Mapped to org.example.stockradar.feature.auth.controller.ViewController#loginForm()
2025-02-26 11:04:44 [http-nio-8080-exec-1] DEBUG o.s.w.s.v.ContentNegotiatingViewResolver - Selected 'text/html' given [text/html, application/xhtml+xml, image/avif, image/webp, image/apng, application/xml;q=0.9, */*;q=0.8, application/signed-exchange;v=b3;q=0.7]
2025-02-26 11:04:44 [http-nio-8080-exec-1] DEBUG o.s.web.servlet.DispatcherServlet - Completed 200 OK
2025-02-26 11:04:49 [http-nio-8080-exec-3] DEBUG o.s.web.servlet.DispatcherServlet - POST "/auth/login", parameters={masked}
2025-02-26 11:04:49 [http-nio-8080-exec-3] DEBUG o.s.w.s.m.m.a.RequestMappingHandlerMapping - Mapped to org.example.stockradar.feature.auth.controller.AuthController#login(LoginRequest, HttpServletResponse, Model)
2025-02-26 11:04:49 [http-nio-8080-exec-3] DEBUG org.hibernate.SQL - 
    /* <criteria> */ [34mselect[0m
        m1_0.member_code,
        m1_0.created_at,
        m1_0.last_modified_at,
        m1_0.member_id,
        m1_0.member_phone,
        m1_0.member_pw,
        m1_0.role,
        m1_0.user_name 
    [34mfrom[0m
        [34mmember[0m m1_0 
    [34mwhere[0m
        m1_0.member_id=?
2025-02-26 11:04:49 [http-nio-8080-exec-3] DEBUG o.s.web.servlet.DispatcherServlet - Failed to complete request: java.lang.RuntimeException: 존재하지 않는 아이디입니다.
2025-02-26 11:04:49 [http-nio-8080-exec-3] ERROR o.a.c.c.C.[.[.[.[dispatcherServlet] - Servlet.service() for servlet [dispatcherServlet] in context with path [] threw exception [Request processing failed: java.lang.RuntimeException: 존재하지 않는 아이디입니다.] with root cause
java.lang.RuntimeException: 존재하지 않는 아이디입니다.
	at org.example.stockradar.feature.auth.controller.AuthController.lambda$login$0(AuthController.java:49)
	at java.base/java.util.Optional.orElseThrow(Optional.java:403)
	at org.example.stockradar.feature.auth.controller.AuthController.login(AuthController.java:49)
	at java.base/jdk.internal.reflect.NativeMethodAccessorImpl.invoke0(Native Method)
	at java.base/jdk.internal.reflect.NativeMethodAccessorImpl.invoke(NativeMethodAccessorImpl.java:77)
	at java.base/jdk.internal.reflect.DelegatingMethodAccessorImpl.invoke(DelegatingMethodAccessorImpl.java:43)
	at java.base/java.lang.reflect.Method.invoke(Method.java:569)
	at org.springframework.web.method.support.InvocableHandlerMethod.doInvoke(InvocableHandlerMethod.java:257)
	at org.springframework.web.method.support.InvocableHandlerMethod.invokeForRequest(InvocableHandlerMethod.java:190)
	at org.springframework.web.servlet.mvc.method.annotation.ServletInvocableHandlerMethod.invokeAndHandle(ServletInvocableHandlerMethod.java:118)
	at org.springframework.web.servlet.mvc.method.annotation.RequestMappingHandlerAdapter.invokeHandlerMethod(RequestMappingHandlerAdapter.java:986)
	at org.springframework.web.servlet.mvc.method.annotation.RequestMappingHandlerAdapter.handleInternal(RequestMappingHandlerAdapter.java:891)
	at org.springframework.web.servlet.mvc.method.AbstractHandlerMethodAdapter.handle(AbstractHandlerMethodAdapter.java:87)
	at org.springframework.web.servlet.DispatcherServlet.doDispatch(DispatcherServlet.java:1088)
	at org.springframework.web.servlet.DispatcherServlet.doService(DispatcherServlet.java:978)
	at org.springframework.web.servlet.FrameworkServlet.processRequest(FrameworkServlet.java:1014)
	at org.springframework.web.servlet.FrameworkServlet.doPost(FrameworkServlet.java:914)
	at jakarta.servlet.http.HttpServlet.service(HttpServlet.java:590)
	at org.springframework.web.servlet.FrameworkServlet.service(FrameworkServlet.java:885)
	at jakarta.servlet.http.HttpServlet.service(HttpServlet.java:658)
	at org.apache.catalina.core.ApplicationFilterChain.internalDoFilter(ApplicationFilterChain.java:195)
	at org.apache.catalina.core.ApplicationFilterChain.doFilter(ApplicationFilterChain.java:140)
	at org.apache.tomcat.websocket.server.WsFilter.doFilter(WsFilter.java:51)
	at org.apache.catalina.core.ApplicationFilterChain.internalDoFilter(ApplicationFilterChain.java:164)
	at org.apache.catalina.core.ApplicationFilterChain.doFilter(ApplicationFilterChain.java:140)
	at org.springframework.web.filter.OncePerRequestFilter.doFilter(OncePerRequestFilter.java:110)
	at org.apache.catalina.core.ApplicationFilterChain.internalDoFilter(ApplicationFilterChain.java:164)
	at org.apache.catalina.core.ApplicationFilterChain.doFilter(ApplicationFilterChain.java:140)
	at org.springframework.web.filter.CompositeFilter$VirtualFilterChain.doFilter(CompositeFilter.java:108)
	at org.springframework.security.web.FilterChainProxy.lambda$doFilterInternal$3(FilterChainProxy.java:231)
	at org.springframework.security.web.FilterChainProxy$VirtualFilterChain.doFilter(FilterChainProxy.java:365)
	at org.springframework.security.web.access.intercept.AuthorizationFilter.doFilter(AuthorizationFilter.java:101)
	at org.springframework.security.web.FilterChainProxy$VirtualFilterChain.doFilter(FilterChainProxy.java:374)
	at org.springframework.security.web.access.ExceptionTranslationFilter.doFilter(ExceptionTranslationFilter.java:126)
	at org.springframework.security.web.access.ExceptionTranslationFilter.doFilter(ExceptionTranslationFilter.java:120)
	at org.springframework.security.web.FilterChainProxy$VirtualFilterChain.doFilter(FilterChainProxy.java:374)
	at org.springframework.security.web.session.SessionManagementFilter.doFilter(SessionManagementFilter.java:131)
	at org.springframework.security.web.session.SessionManagementFilter.doFilter(SessionManagementFilter.java:85)
	at org.springframework.security.web.FilterChainProxy$VirtualFilterChain.doFilter(FilterChainProxy.java:374)
	at org.springframework.security.web.authentication.AnonymousAuthenticationFilter.doFilter(AnonymousAuthenticationFilter.java:100)
	at org.springframework.security.web.FilterChainProxy$VirtualFilterChain.doFilter(FilterChainProxy.java:374)
	at org.springframework.security.web.servletapi.SecurityContextHolderAwareRequestFilter.doFilter(SecurityContextHolderAwareRequestFilter.java:179)
	at org.springframework.security.web.FilterChainProxy$VirtualFilterChain.doFilter(FilterChainProxy.java:374)
	at org.springframework.security.web.savedrequest.RequestCacheAwareFilter.doFilter(RequestCacheAwareFilter.java:63)
	at org.springframework.security.web.FilterChainProxy$VirtualFilterChain.doFilter(FilterChainProxy.java:374)
	at org.example.stockradar.feature.auth.jwt.JwtAuthenticationFilter.doFilterInternal(JwtAuthenticationFilter.java:47)
	at org.springframework.web.filter.OncePerRequestFilter.doFilter(OncePerRequestFilter.java:116)
	at org.springframework.security.web.FilterChainProxy$VirtualFilterChain.doFilter(FilterChainProxy.java:374)
	at org.springframework.security.web.authentication.logout.LogoutFilter.doFilter(LogoutFilter.java:107)
	at org.springframework.security.web.authentication.logout.LogoutFilter.doFilter(LogoutFilter.java:93)
	at org.springframework.security.web.FilterChainProxy$VirtualFilterChain.doFilter(FilterChainProxy.java:374)
	at org.springframework.security.web.header.HeaderWriterFilter.doHeadersAfter(HeaderWriterFilter.java:90)
	at org.springframework.security.web.header.HeaderWriterFilter.doFilterInternal(HeaderWriterFilter.java:75)
	at org.springframework.web.filter.OncePerRequestFilter.doFilter(OncePerRequestFilter.java:116)
	at org.springframework.security.web.FilterChainProxy$VirtualFilterChain.doFilter(FilterChainProxy.java:374)
	at org.springframework.security.web.context.SecurityContextHolderFilter.doFilter(SecurityContextHolderFilter.java:82)
	at org.springframework.security.web.context.SecurityContextHolderFilter.doFilter(SecurityContextHolderFilter.java:69)
	at org.springframework.security.web.FilterChainProxy$VirtualFilterChain.doFilter(FilterChainProxy.java:374)
	at org.springframework.security.web.context.request.async.WebAsyncManagerIntegrationFilter.doFilterInternal(WebAsyncManagerIntegrationFilter.java:62)
	at org.springframework.web.filter.OncePerRequestFilter.doFilter(OncePerRequestFilter.java:116)
	at org.springframework.security.web.FilterChainProxy$VirtualFilterChain.doFilter(FilterChainProxy.java:374)
	at org.springframework.security.web.session.DisableEncodeUrlFilter.doFilterInternal(DisableEncodeUrlFilter.java:42)
	at org.springframework.web.filter.OncePerRequestFilter.doFilter(OncePerRequestFilter.java:116)
	at org.springframework.security.web.FilterChainProxy$VirtualFilterChain.doFilter(FilterChainProxy.java:374)
	at org.springframework.security.web.FilterChainProxy.doFilterInternal(FilterChainProxy.java:233)
	at org.springframework.security.web.FilterChainProxy.doFilter(FilterChainProxy.java:191)
	at org.springframework.web.filter.CompositeFilter$VirtualFilterChain.doFilter(CompositeFilter.java:113)
	at org.springframework.web.servlet.handler.HandlerMappingIntrospector.lambda$createCacheFilter$3(HandlerMappingIntrospector.java:243)
	at org.springframework.web.filter.CompositeFilter$VirtualFilterChain.doFilter(CompositeFilter.java:113)
	at org.springframework.web.filter.CompositeFilter.doFilter(CompositeFilter.java:74)
	at org.springframework.security.config.annotation.web.configuration.WebMvcSecurityConfiguration$CompositeFilterChainProxy.doFilter(WebMvcSecurityConfiguration.java:238)
	at org.springframework.web.filter.DelegatingFilterProxy.invokeDelegate(DelegatingFilterProxy.java:362)
	at org.springframework.web.filter.DelegatingFilterProxy.doFilter(DelegatingFilterProxy.java:278)
	at org.apache.catalina.core.ApplicationFilterChain.internalDoFilter(ApplicationFilterChain.java:164)
	at org.apache.catalina.core.ApplicationFilterChain.doFilter(ApplicationFilterChain.java:140)
	at org.springframework.web.filter.RequestContextFilter.doFilterInternal(RequestContextFilter.java:100)
	at org.springframework.web.filter.OncePerRequestFilter.doFilter(OncePerRequestFilter.java:116)
	at org.apache.catalina.core.ApplicationFilterChain.internalDoFilter(ApplicationFilterChain.java:164)
	at org.apache.catalina.core.ApplicationFilterChain.doFilter(ApplicationFilterChain.java:140)
	at org.springframework.web.filter.FormContentFilter.doFilterInternal(FormContentFilter.java:93)
	at org.springframework.web.filter.OncePerRequestFilter.doFilter(OncePerRequestFilter.java:116)
	at org.apache.catalina.core.ApplicationFilterChain.internalDoFilter(ApplicationFilterChain.java:164)
	at org.apache.catalina.core.ApplicationFilterChain.doFilter(ApplicationFilterChain.java:140)
	at org.springframework.web.filter.CharacterEncodingFilter.doFilterInternal(CharacterEncodingFilter.java:201)
	at org.springframework.web.filter.OncePerRequestFilter.doFilter(OncePerRequestFilter.java:116)
	at org.apache.catalina.core.ApplicationFilterChain.internalDoFilter(ApplicationFilterChain.java:164)
	at org.apache.catalina.core.ApplicationFilterChain.doFilter(ApplicationFilterChain.java:140)
	at org.apache.catalina.core.StandardWrapperValve.invoke(StandardWrapperValve.java:167)
	at org.apache.catalina.core.StandardContextValve.invoke(StandardContextValve.java:90)
	at org.apache.catalina.authenticator.AuthenticatorBase.invoke(AuthenticatorBase.java:483)
	at org.apache.catalina.core.StandardHostValve.invoke(StandardHostValve.java:115)
	at org.apache.catalina.valves.ErrorReportValve.invoke(ErrorReportValve.java:93)
	at org.apache.catalina.core.StandardEngineValve.invoke(StandardEngineValve.java:74)
	at org.apache.catalina.connector.CoyoteAdapter.service(CoyoteAdapter.java:344)
	at org.apache.coyote.http11.Http11Processor.service(Http11Processor.java:397)
	at org.apache.coyote.AbstractProcessorLight.process(AbstractProcessorLight.java:63)
	at org.apache.coyote.AbstractProtocol$ConnectionHandler.process(AbstractProtocol.java:905)
	at org.apache.tomcat.util.net.NioEndpoint$SocketProcessor.doRun(NioEndpoint.java:1741)
	at org.apache.tomcat.util.net.SocketProcessorBase.run(SocketProcessorBase.java:52)
	at org.apache.tomcat.util.threads.ThreadPoolExecutor.runWorker(ThreadPoolExecutor.java:1190)
	at org.apache.tomcat.util.threads.ThreadPoolExecutor$Worker.run(ThreadPoolExecutor.java:659)
	at org.apache.tomcat.util.threads.TaskThread$WrappingRunnable.run(TaskThread.java:63)
	at java.base/java.lang.Thread.run(Thread.java:840)
2025-02-26 11:05:11 [http-nio-8080-exec-4] DEBUG o.s.web.servlet.DispatcherServlet - GET "/login", parameters={}
2025-02-26 11:05:11 [http-nio-8080-exec-4] DEBUG o.s.w.s.m.m.a.RequestMappingHandlerMapping - Mapped to org.example.stockradar.feature.auth.controller.ViewController#loginForm()
2025-02-26 11:05:11 [http-nio-8080-exec-4] DEBUG o.s.w.s.v.ContentNegotiatingViewResolver - Selected 'text/html' given [text/html, application/xhtml+xml, image/avif, image/webp, image/apng, application/xml;q=0.9, */*;q=0.8, application/signed-exchange;v=b3;q=0.7]
2025-02-26 11:05:11 [http-nio-8080-exec-4] DEBUG o.s.web.servlet.DispatcherServlet - Completed 200 OK
2025-02-26 11:07:44 [http-nio-8080-exec-8] DEBUG o.s.web.servlet.DispatcherServlet - GET "/signup", parameters={}
2025-02-26 11:07:44 [http-nio-8080-exec-8] DEBUG o.s.w.s.m.m.a.RequestMappingHandlerMapping - Mapped to org.example.stockradar.feature.auth.controller.ViewController#signupForm()
2025-02-26 11:07:44 [http-nio-8080-exec-8] DEBUG o.s.w.s.v.ContentNegotiatingViewResolver - Selected 'text/html' given [text/html, application/xhtml+xml, image/avif, image/webp, image/apng, application/xml;q=0.9, */*;q=0.8, application/signed-exchange;v=b3;q=0.7]
2025-02-26 11:07:44 [http-nio-8080-exec-8] DEBUG o.s.web.servlet.DispatcherServlet - Completed 200 OK
2025-02-26 11:08:06 [http-nio-8080-exec-10] DEBUG o.s.web.servlet.DispatcherServlet - POST "/auth/signup", parameters={masked}
2025-02-26 11:08:06 [http-nio-8080-exec-10] DEBUG o.s.w.s.m.m.a.RequestMappingHandlerMapping - Mapped to org.example.stockradar.feature.auth.controller.AuthController#signup(MemberSignupDto, Model)
2025-02-26 11:08:06 [http-nio-8080-exec-10] DEBUG org.hibernate.SQL - 
    /* <criteria> */ [34mselect[0m
        m1_0.member_code,
        m1_0.created_at,
        m1_0.last_modified_at,
        m1_0.member_id,
        m1_0.member_phone,
        m1_0.member_pw,
        m1_0.role,
        m1_0.user_name 
    [34mfrom[0m
        [34mmember[0m m1_0 
    [34mwhere[0m
        m1_0.member_id=?
2025-02-26 11:08:06 [http-nio-8080-exec-10] DEBUG org.hibernate.SQL - 
    /* [34minsert[0m [34mfor[0m
        org.example.stockradar.feature.auth.entity.[34mMember[0m */[34minsert[0m 
    [34minto[0m
        [34mmember[0m (created_at, last_modified_at, member_id, member_phone, member_pw, role, user_name) 
    [34mvalues[0m
        (?, ?, ?, ?, ?, ?, ?)
2025-02-26 11:08:06 [http-nio-8080-exec-10] DEBUG o.s.w.s.m.m.a.RequestResponseBodyMethodProcessor - Using 'text/html', given [text/html, application/xhtml+xml, image/avif, image/webp, image/apng, application/xml;q=0.9, */*;q=0.8, application/signed-exchange;v=b3;q=0.7] and supported [text/plain, */*, application/json, application/*+json]
2025-02-26 11:08:06 [http-nio-8080-exec-10] DEBUG o.s.w.s.m.m.a.RequestResponseBodyMethodProcessor - Writing ["redirect:/login"]
2025-02-26 11:08:06 [http-nio-8080-exec-10] DEBUG o.s.web.servlet.DispatcherServlet - Completed 200 OK
2025-02-26 11:10:17 [http-nio-8080-exec-4] DEBUG o.s.web.servlet.DispatcherServlet - GET "/login", parameters={}
2025-02-26 11:10:17 [http-nio-8080-exec-4] DEBUG o.s.w.s.m.m.a.RequestMappingHandlerMapping - Mapped to org.example.stockradar.feature.auth.controller.ViewController#loginForm()
2025-02-26 11:10:17 [http-nio-8080-exec-4] DEBUG o.s.w.s.v.ContentNegotiatingViewResolver - Selected 'text/html' given [text/html, application/xhtml+xml, image/avif, image/webp, image/apng, application/xml;q=0.9, */*;q=0.8, application/signed-exchange;v=b3;q=0.7]
2025-02-26 11:10:17 [http-nio-8080-exec-4] DEBUG o.s.web.servlet.DispatcherServlet - Completed 200 OK
2025-02-26 11:10:20 [http-nio-8080-exec-6] DEBUG o.s.web.servlet.DispatcherServlet - POST "/auth/login", parameters={masked}
2025-02-26 11:10:20 [http-nio-8080-exec-6] DEBUG o.s.w.s.m.m.a.RequestMappingHandlerMapping - Mapped to org.example.stockradar.feature.auth.controller.AuthController#login(LoginRequest, HttpServletResponse, Model)
2025-02-26 11:10:20 [http-nio-8080-exec-6] DEBUG org.hibernate.SQL - 
    /* <criteria> */ [34mselect[0m
        m1_0.member_code,
        m1_0.created_at,
        m1_0.last_modified_at,
        m1_0.member_id,
        m1_0.member_phone,
        m1_0.member_pw,
        m1_0.role,
        m1_0.user_name 
    [34mfrom[0m
        [34mmember[0m m1_0 
    [34mwhere[0m
        m1_0.member_id=?
2025-02-26 11:10:21 [http-nio-8080-exec-6] DEBUG o.s.w.s.m.m.a.RequestResponseBodyMethodProcessor - Using 'text/html', given [text/html, application/xhtml+xml, image/avif, image/webp, image/apng, application/xml;q=0.9, */*;q=0.8, application/signed-exchange;v=b3;q=0.7] and supported [text/plain, */*, application/json, application/*+json]
2025-02-26 11:10:21 [http-nio-8080-exec-6] DEBUG o.s.w.s.m.m.a.RequestResponseBodyMethodProcessor - Writing ["redirect:/main"]
2025-02-26 11:10:21 [http-nio-8080-exec-6] DEBUG o.s.web.servlet.DispatcherServlet - Completed 200 OK
2025-02-26 11:10:21 [http-nio-8080-exec-7] DEBUG org.hibernate.SQL - 
    /* <criteria> */ [34mselect[0m
        m1_0.member_code,
        m1_0.created_at,
        m1_0.last_modified_at,
        m1_0.member_id,
        m1_0.member_phone,
        m1_0.member_pw,
        m1_0.role,
        m1_0.user_name 
    [34mfrom[0m
        [34mmember[0m m1_0 
    [34mwhere[0m
        m1_0.member_id=?
2025-02-26 11:10:21 [http-nio-8080-exec-7] DEBUG o.s.web.servlet.DispatcherServlet - GET "/favicon.ico", parameters={}
2025-02-26 11:10:21 [http-nio-8080-exec-7] DEBUG o.s.w.s.h.SimpleUrlHandlerMapping - Mapped to ResourceHttpRequestHandler [classpath [META-INF/resources/], classpath [resources/], classpath [static/], classpath [public/], ServletContext [/]]
2025-02-26 11:10:21 [http-nio-8080-exec-7] DEBUG o.s.w.s.r.ResourceHttpRequestHandler - Resource not found
2025-02-26 11:10:21 [http-nio-8080-exec-7] DEBUG o.s.w.s.m.s.DefaultHandlerExceptionResolver - Resolved [org.springframework.web.servlet.resource.NoResourceFoundException: No static resource favicon.ico.]
2025-02-26 11:10:21 [http-nio-8080-exec-7] DEBUG o.s.web.servlet.DispatcherServlet - Completed 404 NOT_FOUND
2025-02-26 11:10:55 [http-nio-8080-exec-8] DEBUG org.hibernate.SQL - 
    /* <criteria> */ [34mselect[0m
        m1_0.member_code,
        m1_0.created_at,
        m1_0.last_modified_at,
        m1_0.member_id,
        m1_0.member_phone,
        m1_0.member_pw,
        m1_0.role,
        m1_0.user_name 
    [34mfrom[0m
        [34mmember[0m m1_0 
    [34mwhere[0m
        m1_0.member_id=?
2025-02-26 11:10:55 [http-nio-8080-exec-8] DEBUG o.s.web.servlet.DispatcherServlet - GET "/main", parameters={}
2025-02-26 11:10:55 [http-nio-8080-exec-8] DEBUG o.s.w.s.m.m.a.RequestMappingHandlerMapping - Mapped to org.example.stockradar.feature.auth.controller.ViewController#mainPage()
2025-02-26 11:10:55 [http-nio-8080-exec-8] DEBUG o.s.w.s.v.ContentNegotiatingViewResolver - Selected 'text/html' given [text/html, application/xhtml+xml, image/avif, image/webp, image/apng, application/xml;q=0.9, */*;q=0.8, application/signed-exchange;v=b3;q=0.7]
2025-02-26 11:10:55 [http-nio-8080-exec-8] DEBUG o.s.web.servlet.DispatcherServlet - Completed 200 OK
2025-02-26 11:10:55 [http-nio-8080-exec-9] DEBUG org.hibernate.SQL - 
    /* <criteria> */ [34mselect[0m
        m1_0.member_code,
        m1_0.created_at,
        m1_0.last_modified_at,
        m1_0.member_id,
        m1_0.member_phone,
        m1_0.member_pw,
        m1_0.role,
        m1_0.user_name 
    [34mfrom[0m
        [34mmember[0m m1_0 
    [34mwhere[0m
        m1_0.member_id=?
2025-02-26 11:10:55 [http-nio-8080-exec-9] DEBUG o.s.web.servlet.DispatcherServlet - GET "/favicon.ico", parameters={}
2025-02-26 11:10:55 [http-nio-8080-exec-9] DEBUG o.s.w.s.h.SimpleUrlHandlerMapping - Mapped to ResourceHttpRequestHandler [classpath [META-INF/resources/], classpath [resources/], classpath [static/], classpath [public/], ServletContext [/]]
2025-02-26 11:10:55 [http-nio-8080-exec-9] DEBUG o.s.w.s.r.ResourceHttpRequestHandler - Resource not found
2025-02-26 11:10:55 [http-nio-8080-exec-9] DEBUG o.s.w.s.m.s.DefaultHandlerExceptionResolver - Resolved [org.springframework.web.servlet.resource.NoResourceFoundException: No static resource favicon.ico.]
2025-02-26 11:10:55 [http-nio-8080-exec-9] DEBUG o.s.web.servlet.DispatcherServlet - Completed 404 NOT_FOUND
2025-02-26 11:11:01 [http-nio-8080-exec-10] DEBUG org.hibernate.SQL - 
    /* <criteria> */ [34mselect[0m
        m1_0.member_code,
        m1_0.created_at,
        m1_0.last_modified_at,
        m1_0.member_id,
        m1_0.member_phone,
        m1_0.member_pw,
        m1_0.role,
        m1_0.user_name 
    [34mfrom[0m
        [34mmember[0m m1_0 
    [34mwhere[0m
        m1_0.member_id=?
2025-02-26 11:11:01 [http-nio-8080-exec-10] DEBUG o.s.web.servlet.DispatcherServlet - GET "/auth/logout", parameters={}
2025-02-26 11:11:01 [http-nio-8080-exec-10] DEBUG o.s.w.s.m.m.a.RequestMappingHandlerMapping - Mapped to org.example.stockradar.feature.auth.controller.AuthController#logout(String, HttpServletResponse)
2025-02-26 11:11:01 [http-nio-8080-exec-10] DEBUG o.s.w.s.m.m.a.RequestResponseBodyMethodProcessor - Using 'text/html', given [text/html, application/xhtml+xml, image/avif, image/webp, image/apng, application/xml;q=0.9, */*;q=0.8, application/signed-exchange;v=b3;q=0.7] and supported [text/plain, */*, application/json, application/*+json]
2025-02-26 11:11:01 [http-nio-8080-exec-10] DEBUG o.s.w.s.m.m.a.RequestResponseBodyMethodProcessor - Writing ["redirect:/login"]
2025-02-26 11:11:01 [http-nio-8080-exec-10] DEBUG o.s.web.servlet.DispatcherServlet - Completed 200 OK
2025-02-26 11:11:16 [http-nio-8080-exec-3] DEBUG o.s.web.servlet.DispatcherServlet - GET "/login", parameters={}
2025-02-26 11:11:16 [http-nio-8080-exec-3] DEBUG o.s.w.s.m.m.a.RequestMappingHandlerMapping - Mapped to org.example.stockradar.feature.auth.controller.ViewController#loginForm()
2025-02-26 11:11:16 [http-nio-8080-exec-3] DEBUG o.s.w.s.v.ContentNegotiatingViewResolver - Selected 'text/html' given [text/html, application/xhtml+xml, image/avif, image/webp, image/apng, application/xml;q=0.9, */*;q=0.8, application/signed-exchange;v=b3;q=0.7]
2025-02-26 11:11:16 [http-nio-8080-exec-3] DEBUG o.s.web.servlet.DispatcherServlet - Completed 200 OK
2025-02-26 11:11:25 [http-nio-8080-exec-6] DEBUG o.s.web.servlet.DispatcherServlet - POST "/auth/login", parameters={masked}
2025-02-26 11:11:25 [http-nio-8080-exec-6] DEBUG o.s.w.s.m.m.a.RequestMappingHandlerMapping - Mapped to org.example.stockradar.feature.auth.controller.AuthController#login(LoginRequest, HttpServletResponse, Model)
2025-02-26 11:11:25 [http-nio-8080-exec-6] DEBUG org.hibernate.SQL - 
    /* <criteria> */ [34mselect[0m
        m1_0.member_code,
        m1_0.created_at,
        m1_0.last_modified_at,
        m1_0.member_id,
        m1_0.member_phone,
        m1_0.member_pw,
        m1_0.role,
        m1_0.user_name 
    [34mfrom[0m
        [34mmember[0m m1_0 
    [34mwhere[0m
        m1_0.member_id=?
2025-02-26 11:11:25 [http-nio-8080-exec-6] DEBUG o.s.w.s.m.m.a.RequestResponseBodyMethodProcessor - Using 'text/html', given [text/html, application/xhtml+xml, image/avif, image/webp, image/apng, application/xml;q=0.9, */*;q=0.8, application/signed-exchange;v=b3;q=0.7] and supported [text/plain, */*, application/json, application/*+json]
2025-02-26 11:11:25 [http-nio-8080-exec-6] DEBUG o.s.w.s.m.m.a.RequestResponseBodyMethodProcessor - Writing ["redirect:/main"]
2025-02-26 11:11:25 [http-nio-8080-exec-6] DEBUG o.s.web.servlet.DispatcherServlet - Completed 200 OK
2025-02-26 11:11:25 [http-nio-8080-exec-7] DEBUG org.hibernate.SQL - 
    /* <criteria> */ [34mselect[0m
        m1_0.member_code,
        m1_0.created_at,
        m1_0.last_modified_at,
        m1_0.member_id,
        m1_0.member_phone,
        m1_0.member_pw,
        m1_0.role,
        m1_0.user_name 
    [34mfrom[0m
        [34mmember[0m m1_0 
    [34mwhere[0m
        m1_0.member_id=?
2025-02-26 11:11:25 [http-nio-8080-exec-7] DEBUG o.s.web.servlet.DispatcherServlet - GET "/favicon.ico", parameters={}
2025-02-26 11:11:25 [http-nio-8080-exec-7] DEBUG o.s.w.s.h.SimpleUrlHandlerMapping - Mapped to ResourceHttpRequestHandler [classpath [META-INF/resources/], classpath [resources/], classpath [static/], classpath [public/], ServletContext [/]]
2025-02-26 11:11:25 [http-nio-8080-exec-7] DEBUG o.s.w.s.r.ResourceHttpRequestHandler - Resource not found
2025-02-26 11:11:25 [http-nio-8080-exec-7] DEBUG o.s.w.s.m.s.DefaultHandlerExceptionResolver - Resolved [org.springframework.web.servlet.resource.NoResourceFoundException: No static resource favicon.ico.]
2025-02-26 11:11:25 [http-nio-8080-exec-7] DEBUG o.s.web.servlet.DispatcherServlet - Completed 404 NOT_FOUND
2025-02-26 11:33:31 [HikariPool-1 housekeeper] WARN  com.zaxxer.hikari.pool.HikariPool - HikariPool-1 - Thread starvation or clock leap detected (housekeeper delta=12m56s126ms).
2025-02-26 11:35:41 [File Watcher] INFO  o.s.b.d.a.LocalDevToolsAutoConfiguration$RestartingClassPathChangeChangedEventListener - Restarting due to 1 class path change (0 additions, 0 deletions, 1 modification)
2025-02-26 11:35:41 [Thread-5] INFO  o.s.b.w.e.tomcat.GracefulShutdown - Commencing graceful shutdown. Waiting for active requests to complete
2025-02-26 11:35:41 [tomcat-shutdown] INFO  o.s.b.w.e.tomcat.GracefulShutdown - Graceful shutdown complete
2025-02-26 11:35:41 [Thread-5] INFO  o.s.o.j.LocalContainerEntityManagerFactoryBean - Closing JPA EntityManagerFactory for persistence unit 'default'
2025-02-26 11:35:41 [Thread-5] INFO  com.zaxxer.hikari.HikariDataSource - HikariPool-1 - Shutdown initiated...
2025-02-26 11:35:41 [Thread-5] INFO  com.zaxxer.hikari.HikariDataSource - HikariPool-1 - Shutdown completed.
2025-02-26 11:35:41 [restartedMain] INFO  o.e.stockradar.StockradarApplication - Starting StockradarApplication using Java 17.0.13 with PID 27176 (/Users/vf20093/Desktop/stockradar/build/classes/java/main started by vf20093 in /Users/vf20093/Desktop/stockradar)
2025-02-26 11:35:41 [restartedMain] INFO  o.e.stockradar.StockradarApplication - The following 1 profile is active: "local"
2025-02-26 11:35:41 [restartedMain] INFO  o.s.d.r.c.RepositoryConfigurationDelegate - Multiple Spring Data modules found, entering strict repository configuration mode
2025-02-26 11:35:41 [restartedMain] INFO  o.s.d.r.c.RepositoryConfigurationDelegate - Bootstrapping Spring Data JPA repositories in DEFAULT mode.
2025-02-26 11:35:41 [restartedMain] INFO  o.s.d.r.c.RepositoryConfigurationDelegate - Finished Spring Data repository scanning in 5 ms. Found 1 JPA repository interface.
2025-02-26 11:35:41 [restartedMain] INFO  o.s.d.r.c.RepositoryConfigurationDelegate - Multiple Spring Data modules found, entering strict repository configuration mode
2025-02-26 11:35:41 [restartedMain] INFO  o.s.d.r.c.RepositoryConfigurationDelegate - Bootstrapping Spring Data Redis repositories in DEFAULT mode.
2025-02-26 11:35:41 [restartedMain] INFO  o.s.d.r.c.RepositoryConfigurationExtensionSupport - Spring Data Redis - Could not safely identify store assignment for repository candidate interface org.example.stockradar.feature.auth.repository.MemberRepository; If you want this repository to be a Redis repository, consider annotating your entities with one of these annotations: org.springframework.data.redis.core.RedisHash (preferred), or consider extending one of the following types with your repository: org.springframework.data.keyvalue.repository.KeyValueRepository
2025-02-26 11:35:41 [restartedMain] INFO  o.s.d.r.c.RepositoryConfigurationDelegate - Finished Spring Data repository scanning in 1 ms. Found 0 Redis repository interfaces.
2025-02-26 11:35:41 [restartedMain] INFO  o.s.b.w.e.tomcat.TomcatWebServer - Tomcat initialized with port 8080 (http)
2025-02-26 11:35:41 [restartedMain] INFO  o.a.catalina.core.StandardService - Starting service [Tomcat]
2025-02-26 11:35:41 [restartedMain] INFO  o.a.catalina.core.StandardEngine - Starting Servlet engine: [Apache Tomcat/10.1.34]
2025-02-26 11:35:41 [restartedMain] INFO  o.a.c.c.C.[Tomcat].[localhost].[/] - Initializing Spring embedded WebApplicationContext
2025-02-26 11:35:41 [restartedMain] INFO  o.h.jpa.internal.util.LogHelper - HHH000204: Processing PersistenceUnitInfo [name: default]
2025-02-26 11:35:41 [restartedMain] INFO  o.h.c.i.RegionFactoryInitiator - HHH000026: Second-level cache disabled
2025-02-26 11:35:41 [restartedMain] INFO  o.s.o.j.p.SpringPersistenceUnitInfo - No LoadTimeWeaver setup: ignoring JPA class transformer
2025-02-26 11:35:41 [restartedMain] INFO  com.zaxxer.hikari.HikariDataSource - HikariPool-2 - Starting...
2025-02-26 11:35:41 [restartedMain] INFO  com.zaxxer.hikari.pool.HikariPool - HikariPool-2 - Added connection com.mysql.cj.jdbc.ConnectionImpl@52e78439
2025-02-26 11:35:41 [restartedMain] INFO  com.zaxxer.hikari.HikariDataSource - HikariPool-2 - Start completed.
2025-02-26 11:35:41 [restartedMain] INFO  o.hibernate.orm.connections.pooling - HHH10001005: Database info:
	Database JDBC URL [Connecting through datasource 'HikariDataSource (HikariPool-2)']
	Database driver: undefined/unknown
	Database version: 8.0.40
	Autocommit mode: undefined/unknown
	Isolation level: undefined/unknown
	Minimum pool size: undefined/unknown
	Maximum pool size: undefined/unknown
2025-02-26 11:35:41 [restartedMain] INFO  o.h.e.t.j.p.i.JtaPlatformInitiator - HHH000489: No JTA platform available (set 'hibernate.transaction.jta.platform' to enable JTA platform integration)
2025-02-26 11:35:41 [restartedMain] DEBUG org.hibernate.SQL - 
    [34mdrop[0m [34mtable[0m [34mif[0m [34mexists[0m [34mmember[0m
2025-02-26 11:35:41 [restartedMain] DEBUG org.hibernate.SQL - 
    [34mcreate[0m [34mtable[0m [34mmember[0m (
        created_at datetime(6) [34mnot[0m [34mnull[0m,
        last_modified_at datetime(6) [34mnot[0m [34mnull[0m,
        member_code [34mbigint[0m [34mnot[0m [34mnull[0m auto_increment,
        member_id [34mvarchar[0m(50) [34mnot[0m [34mnull[0m,
        member_phone [34mvarchar[0m(255),
        member_pw [34mvarchar[0m(255) [34mnot[0m [34mnull[0m,
        user_name [34mvarchar[0m(255) [34mnot[0m [34mnull[0m,
        role enum ([36m'ADMIN'[0m,[36m'[34mMEMBER[0m'[0m) [34mnot[0m [34mnull[0m,
        [34mprimary[0m [34mkey[0m (member_code)
    ) engine=InnoDB
2025-02-26 11:35:41 [restartedMain] DEBUG org.hibernate.SQL - 
    [34malter[0m [34mtable[0m [34mmember[0m 
       [34madd[0m [34mconstraint[0m UK4rw879c4q7wrgi3v64cy73b17 [34munique[0m (member_id)
2025-02-26 11:35:41 [restartedMain] INFO  o.s.o.j.LocalContainerEntityManagerFactoryBean - Initialized JPA EntityManagerFactory for persistence unit 'default'
2025-02-26 11:35:41 [restartedMain] WARN  o.s.b.a.o.j.JpaBaseConfiguration$JpaWebConfiguration - spring.jpa.open-in-view is enabled by default. Therefore, database queries may be performed during view rendering. Explicitly configure spring.jpa.open-in-view to disable this warning
2025-02-26 11:35:41 [restartedMain] INFO  o.s.s.c.a.a.c.InitializeUserDetailsBeanManagerConfigurer$InitializeUserDetailsManagerConfigurer - Global AuthenticationManager configured with UserDetailsService bean with name customUserDetailsService
2025-02-26 11:35:41 [restartedMain] DEBUG o.s.w.s.m.m.a.RequestMappingHandlerMapping - 9 mappings in 'requestMappingHandlerMapping'
2025-02-26 11:35:41 [restartedMain] DEBUG o.s.w.s.h.SimpleUrlHandlerMapping - Patterns [/webjars/**, /**] in 'resourceHandlerMapping'
2025-02-26 11:35:41 [restartedMain] DEBUG o.s.w.s.m.m.a.RequestMappingHandlerAdapter - ControllerAdvice beans: 0 @ModelAttribute, 0 @InitBinder, 1 RequestBodyAdvice, 1 ResponseBodyAdvice
2025-02-26 11:35:41 [restartedMain] DEBUG o.s.w.s.m.m.a.ExceptionHandlerExceptionResolver - ControllerAdvice beans: 0 @ExceptionHandler, 1 ResponseBodyAdvice
2025-02-26 11:35:41 [restartedMain] INFO  o.s.b.d.a.OptionalLiveReloadServer - LiveReload server is running on port 35729
2025-02-26 11:35:41 [restartedMain] INFO  o.s.b.w.e.tomcat.TomcatWebServer - Tomcat started on port 8080 (http) with context path '/'
2025-02-26 11:35:41 [restartedMain] INFO  o.e.stockradar.StockradarApplication - Started StockradarApplication in 0.594 seconds (process running for 1123.15)
2025-02-26 11:35:41 [restartedMain] INFO  o.s.b.d.a.ConditionEvaluationDeltaLoggingListener - Condition evaluation unchanged
2025-02-26 11:46:06 [SpringApplicationShutdownHook] INFO  o.s.b.w.e.tomcat.GracefulShutdown - Commencing graceful shutdown. Waiting for active requests to complete
2025-02-26 11:46:06 [tomcat-shutdown] INFO  o.s.b.w.e.tomcat.GracefulShutdown - Graceful shutdown complete
2025-02-26 11:46:06 [SpringApplicationShutdownHook] INFO  o.s.o.j.LocalContainerEntityManagerFactoryBean - Closing JPA EntityManagerFactory for persistence unit 'default'
2025-02-26 11:46:06 [SpringApplicationShutdownHook] INFO  com.zaxxer.hikari.HikariDataSource - HikariPool-2 - Shutdown initiated...
2025-02-26 11:46:06 [SpringApplicationShutdownHook] INFO  com.zaxxer.hikari.HikariDataSource - HikariPool-2 - Shutdown completed.
2025-02-26 11:46:09 [restartedMain] INFO  o.e.stockradar.StockradarApplication - Starting StockradarApplication using Java 17.0.13 with PID 27407 (/Users/vf20093/Desktop/stockradar/build/classes/java/main started by vf20093 in /Users/vf20093/Desktop/stockradar)
2025-02-26 11:46:09 [restartedMain] INFO  o.e.stockradar.StockradarApplication - The following 1 profile is active: "local"
2025-02-26 11:46:09 [restartedMain] INFO  o.s.b.d.e.DevToolsPropertyDefaultsPostProcessor - Devtools property defaults active! Set 'spring.devtools.add-properties' to 'false' to disable
2025-02-26 11:46:09 [restartedMain] INFO  o.s.b.d.e.DevToolsPropertyDefaultsPostProcessor - For additional web related logging consider setting the 'logging.level.web' property to 'DEBUG'
2025-02-26 11:46:09 [restartedMain] INFO  o.s.d.r.c.RepositoryConfigurationDelegate - Multiple Spring Data modules found, entering strict repository configuration mode
2025-02-26 11:46:09 [restartedMain] INFO  o.s.d.r.c.RepositoryConfigurationDelegate - Bootstrapping Spring Data JPA repositories in DEFAULT mode.
2025-02-26 11:46:10 [restartedMain] INFO  o.s.d.r.c.RepositoryConfigurationDelegate - Finished Spring Data repository scanning in 92 ms. Found 1 JPA repository interface.
2025-02-26 11:46:10 [restartedMain] INFO  o.s.d.r.c.RepositoryConfigurationDelegate - Multiple Spring Data modules found, entering strict repository configuration mode
2025-02-26 11:46:10 [restartedMain] INFO  o.s.d.r.c.RepositoryConfigurationDelegate - Bootstrapping Spring Data Redis repositories in DEFAULT mode.
2025-02-26 11:46:10 [restartedMain] INFO  o.s.d.r.c.RepositoryConfigurationExtensionSupport - Spring Data Redis - Could not safely identify store assignment for repository candidate interface org.example.stockradar.feature.auth.repository.MemberRepository; If you want this repository to be a Redis repository, consider annotating your entities with one of these annotations: org.springframework.data.redis.core.RedisHash (preferred), or consider extending one of the following types with your repository: org.springframework.data.keyvalue.repository.KeyValueRepository
2025-02-26 11:46:10 [restartedMain] INFO  o.s.d.r.c.RepositoryConfigurationDelegate - Finished Spring Data repository scanning in 3 ms. Found 0 Redis repository interfaces.
2025-02-26 11:46:10 [restartedMain] INFO  o.s.b.w.e.tomcat.TomcatWebServer - Tomcat initialized with port 8080 (http)
2025-02-26 11:46:10 [restartedMain] INFO  o.a.catalina.core.StandardService - Starting service [Tomcat]
2025-02-26 11:46:10 [restartedMain] INFO  o.a.catalina.core.StandardEngine - Starting Servlet engine: [Apache Tomcat/10.1.34]
2025-02-26 11:46:10 [restartedMain] INFO  o.a.c.c.C.[Tomcat].[localhost].[/] - Initializing Spring embedded WebApplicationContext
2025-02-26 11:46:10 [restartedMain] INFO  o.h.jpa.internal.util.LogHelper - HHH000204: Processing PersistenceUnitInfo [name: default]
2025-02-26 11:46:10 [restartedMain] INFO  org.hibernate.Version - HHH000412: Hibernate ORM core version 6.6.5.Final
2025-02-26 11:46:10 [restartedMain] INFO  o.h.c.i.RegionFactoryInitiator - HHH000026: Second-level cache disabled
2025-02-26 11:46:10 [restartedMain] INFO  o.s.o.j.p.SpringPersistenceUnitInfo - No LoadTimeWeaver setup: ignoring JPA class transformer
2025-02-26 11:46:10 [restartedMain] INFO  com.zaxxer.hikari.HikariDataSource - HikariPool-1 - Starting...
2025-02-26 11:46:10 [restartedMain] INFO  com.zaxxer.hikari.pool.HikariPool - HikariPool-1 - Added connection com.mysql.cj.jdbc.ConnectionImpl@5d101704
2025-02-26 11:46:10 [restartedMain] INFO  com.zaxxer.hikari.HikariDataSource - HikariPool-1 - Start completed.
2025-02-26 11:46:10 [restartedMain] INFO  o.hibernate.orm.connections.pooling - HHH10001005: Database info:
	Database JDBC URL [Connecting through datasource 'HikariDataSource (HikariPool-1)']
	Database driver: undefined/unknown
	Database version: 8.0.40
	Autocommit mode: undefined/unknown
	Isolation level: undefined/unknown
	Minimum pool size: undefined/unknown
	Maximum pool size: undefined/unknown
2025-02-26 11:46:11 [restartedMain] INFO  o.h.e.t.j.p.i.JtaPlatformInitiator - HHH000489: No JTA platform available (set 'hibernate.transaction.jta.platform' to enable JTA platform integration)
2025-02-26 11:46:11 [restartedMain] DEBUG org.hibernate.SQL - 
    [34mdrop[0m [34mtable[0m [34mif[0m [34mexists[0m [34mmember[0m
2025-02-26 11:46:11 [restartedMain] DEBUG org.hibernate.SQL - 
    [34mcreate[0m [34mtable[0m [34mmember[0m (
        created_at datetime(6) [34mnot[0m [34mnull[0m,
        last_modified_at datetime(6) [34mnot[0m [34mnull[0m,
        member_code [34mbigint[0m [34mnot[0m [34mnull[0m auto_increment,
        member_id [34mvarchar[0m(50) [34mnot[0m [34mnull[0m,
        member_phone [34mvarchar[0m(255),
        member_pw [34mvarchar[0m(255) [34mnot[0m [34mnull[0m,
        user_name [34mvarchar[0m(255) [34mnot[0m [34mnull[0m,
        role enum ([36m'ADMIN'[0m,[36m'[34mMEMBER[0m'[0m) [34mnot[0m [34mnull[0m,
        [34mprimary[0m [34mkey[0m (member_code)
    ) engine=InnoDB
2025-02-26 11:46:11 [restartedMain] DEBUG org.hibernate.SQL - 
    [34malter[0m [34mtable[0m [34mmember[0m 
       [34madd[0m [34mconstraint[0m UK4rw879c4q7wrgi3v64cy73b17 [34munique[0m (member_id)
2025-02-26 11:46:11 [restartedMain] INFO  o.s.o.j.LocalContainerEntityManagerFactoryBean - Initialized JPA EntityManagerFactory for persistence unit 'default'
2025-02-26 11:46:11 [restartedMain] WARN  o.s.b.a.o.j.JpaBaseConfiguration$JpaWebConfiguration - spring.jpa.open-in-view is enabled by default. Therefore, database queries may be performed during view rendering. Explicitly configure spring.jpa.open-in-view to disable this warning
2025-02-26 11:46:11 [restartedMain] INFO  o.s.s.c.a.a.c.InitializeUserDetailsBeanManagerConfigurer$InitializeUserDetailsManagerConfigurer - Global AuthenticationManager configured with UserDetailsService bean with name customUserDetailsService
2025-02-26 11:46:11 [restartedMain] DEBUG o.s.w.s.m.m.a.RequestMappingHandlerMapping - 9 mappings in 'requestMappingHandlerMapping'
2025-02-26 11:46:11 [restartedMain] DEBUG o.s.w.s.h.SimpleUrlHandlerMapping - Patterns [/webjars/**, /**] in 'resourceHandlerMapping'
2025-02-26 11:46:11 [restartedMain] DEBUG o.s.w.s.m.m.a.RequestMappingHandlerAdapter - ControllerAdvice beans: 0 @ModelAttribute, 0 @InitBinder, 1 RequestBodyAdvice, 1 ResponseBodyAdvice
2025-02-26 11:46:11 [restartedMain] DEBUG o.s.w.s.m.m.a.ExceptionHandlerExceptionResolver - ControllerAdvice beans: 0 @ExceptionHandler, 1 ResponseBodyAdvice
2025-02-26 11:46:12 [restartedMain] INFO  o.s.b.d.a.OptionalLiveReloadServer - LiveReload server is running on port 35729
2025-02-26 11:46:12 [restartedMain] INFO  o.s.b.w.e.tomcat.TomcatWebServer - Tomcat started on port 8080 (http) with context path '/'
2025-02-26 11:46:12 [restartedMain] INFO  o.e.stockradar.StockradarApplication - Started StockradarApplication in 3.087 seconds (process running for 3.697)
2025-02-26 11:46:22 [http-nio-8080-exec-1] INFO  o.a.c.c.C.[Tomcat].[localhost].[/] - Initializing Spring DispatcherServlet 'dispatcherServlet'
2025-02-26 11:46:22 [http-nio-8080-exec-1] INFO  o.s.web.servlet.DispatcherServlet - Initializing Servlet 'dispatcherServlet'
2025-02-26 11:46:22 [http-nio-8080-exec-1] DEBUG o.s.web.servlet.DispatcherServlet - Detected StandardServletMultipartResolver
2025-02-26 11:46:22 [http-nio-8080-exec-1] DEBUG o.s.web.servlet.DispatcherServlet - Detected AcceptHeaderLocaleResolver
2025-02-26 11:46:22 [http-nio-8080-exec-1] DEBUG o.s.web.servlet.DispatcherServlet - Detected FixedThemeResolver
2025-02-26 11:46:22 [http-nio-8080-exec-1] DEBUG o.s.web.servlet.DispatcherServlet - Detected org.springframework.web.servlet.view.DefaultRequestToViewNameTranslator@62efc20d
2025-02-26 11:46:22 [http-nio-8080-exec-1] DEBUG o.s.web.servlet.DispatcherServlet - Detected org.springframework.web.servlet.support.SessionFlashMapManager@4dcfac3e
2025-02-26 11:46:22 [http-nio-8080-exec-1] DEBUG o.s.web.servlet.DispatcherServlet - enableLoggingRequestDetails='false': request parameters and headers will be masked to prevent unsafe logging of potentially sensitive data
2025-02-26 11:46:22 [http-nio-8080-exec-1] INFO  o.s.web.servlet.DispatcherServlet - Completed initialization in 2 ms
2025-02-26 11:46:24 [http-nio-8080-exec-2] DEBUG o.s.web.servlet.DispatcherServlet - GET "/login", parameters={}
2025-02-26 11:46:24 [http-nio-8080-exec-2] DEBUG o.s.w.s.m.m.a.RequestMappingHandlerMapping - Mapped to org.example.stockradar.feature.auth.controller.ViewController#loginForm()
2025-02-26 11:46:24 [http-nio-8080-exec-2] DEBUG o.s.w.s.v.ContentNegotiatingViewResolver - Selected 'text/html' given [text/html, application/xhtml+xml, image/avif, image/webp, image/apng, application/xml;q=0.9, */*;q=0.8, application/signed-exchange;v=b3;q=0.7]
2025-02-26 11:46:24 [http-nio-8080-exec-2] DEBUG o.s.web.servlet.DispatcherServlet - Completed 200 OK
2025-02-26 11:46:38 [http-nio-8080-exec-4] DEBUG o.s.web.servlet.DispatcherServlet - GET "/signup", parameters={}
2025-02-26 11:46:38 [http-nio-8080-exec-4] DEBUG o.s.w.s.m.m.a.RequestMappingHandlerMapping - Mapped to org.example.stockradar.feature.auth.controller.ViewController#signupForm()
2025-02-26 11:46:38 [http-nio-8080-exec-4] DEBUG o.s.w.s.v.ContentNegotiatingViewResolver - Selected 'text/html' given [text/html, application/xhtml+xml, image/avif, image/webp, image/apng, application/xml;q=0.9, */*;q=0.8, application/signed-exchange;v=b3;q=0.7]
2025-02-26 11:46:38 [http-nio-8080-exec-4] DEBUG o.s.web.servlet.DispatcherServlet - Completed 200 OK
2025-02-26 11:47:25 [http-nio-8080-exec-6] DEBUG o.s.web.servlet.DispatcherServlet - POST "/auth/signup", parameters={masked}
2025-02-26 11:47:25 [http-nio-8080-exec-6] DEBUG o.s.w.s.m.m.a.RequestMappingHandlerMapping - Mapped to org.example.stockradar.feature.auth.controller.AuthController#signup(MemberSignupDto, Model)
2025-02-26 11:47:25 [http-nio-8080-exec-6] DEBUG org.hibernate.SQL - 
    /* <criteria> */ [34mselect[0m
        m1_0.member_code,
        m1_0.created_at,
        m1_0.last_modified_at,
        m1_0.member_id,
        m1_0.member_phone,
        m1_0.member_pw,
        m1_0.role,
        m1_0.user_name 
    [34mfrom[0m
        [34mmember[0m m1_0 
    [34mwhere[0m
        m1_0.member_id=?
2025-02-26 11:47:25 [http-nio-8080-exec-6] DEBUG org.hibernate.SQL - 
    /* [34minsert[0m [34mfor[0m
        org.example.stockradar.feature.auth.entity.[34mMember[0m */[34minsert[0m 
    [34minto[0m
        [34mmember[0m (created_at, last_modified_at, member_id, member_phone, member_pw, role, user_name) 
    [34mvalues[0m
        (?, ?, ?, ?, ?, ?, ?)
2025-02-26 11:47:25 [http-nio-8080-exec-6] DEBUG o.s.web.servlet.view.RedirectView - View name [redirect:], model {}
2025-02-26 11:47:25 [http-nio-8080-exec-6] DEBUG o.s.web.servlet.DispatcherServlet - Completed 302 FOUND
2025-02-26 11:47:25 [http-nio-8080-exec-7] DEBUG o.s.web.servlet.DispatcherServlet - GET "/login", parameters={}
2025-02-26 11:47:25 [http-nio-8080-exec-7] DEBUG o.s.w.s.m.m.a.RequestMappingHandlerMapping - Mapped to org.example.stockradar.feature.auth.controller.ViewController#loginForm()
2025-02-26 11:47:25 [http-nio-8080-exec-7] DEBUG o.s.w.s.v.ContentNegotiatingViewResolver - Selected 'text/html' given [text/html, application/xhtml+xml, image/avif, image/webp, image/apng, application/xml;q=0.9, */*;q=0.8, application/signed-exchange;v=b3;q=0.7]
2025-02-26 11:47:25 [http-nio-8080-exec-7] DEBUG o.s.web.servlet.DispatcherServlet - Completed 200 OK
2025-02-26 11:47:41 [http-nio-8080-exec-10] DEBUG o.s.web.servlet.DispatcherServlet - POST "/auth/login", parameters={masked}
2025-02-26 11:47:41 [http-nio-8080-exec-10] DEBUG o.s.w.s.m.m.a.RequestMappingHandlerMapping - Mapped to org.example.stockradar.feature.auth.controller.AuthController#login(LoginRequest, HttpServletResponse, Model)
2025-02-26 11:47:41 [http-nio-8080-exec-10] DEBUG org.hibernate.SQL - 
    /* <criteria> */ [34mselect[0m
        m1_0.member_code,
        m1_0.created_at,
        m1_0.last_modified_at,
        m1_0.member_id,
        m1_0.member_phone,
        m1_0.member_pw,
        m1_0.role,
        m1_0.user_name 
    [34mfrom[0m
        [34mmember[0m m1_0 
    [34mwhere[0m
        m1_0.member_id=?
2025-02-26 11:47:41 [http-nio-8080-exec-10] DEBUG o.s.web.servlet.view.RedirectView - View name [redirect:], model {}
2025-02-26 11:47:41 [http-nio-8080-exec-10] DEBUG o.s.web.servlet.DispatcherServlet - Completed 302 FOUND
2025-02-26 11:47:41 [http-nio-8080-exec-1] DEBUG org.hibernate.SQL - 
    /* <criteria> */ [34mselect[0m
        m1_0.member_code,
        m1_0.created_at,
        m1_0.last_modified_at,
        m1_0.member_id,
        m1_0.member_phone,
        m1_0.member_pw,
        m1_0.role,
        m1_0.user_name 
    [34mfrom[0m
        [34mmember[0m m1_0 
    [34mwhere[0m
        m1_0.member_id=?
2025-02-26 11:47:41 [http-nio-8080-exec-1] DEBUG o.s.web.servlet.DispatcherServlet - GET "/main", parameters={}
2025-02-26 11:47:41 [http-nio-8080-exec-1] DEBUG o.s.w.s.m.m.a.RequestMappingHandlerMapping - Mapped to org.example.stockradar.feature.auth.controller.ViewController#mainPage()
2025-02-26 11:47:41 [http-nio-8080-exec-1] DEBUG o.s.w.s.v.ContentNegotiatingViewResolver - Selected 'text/html' given [text/html, application/xhtml+xml, image/avif, image/webp, image/apng, application/xml;q=0.9, */*;q=0.8, application/signed-exchange;v=b3;q=0.7]
2025-02-26 11:47:41 [http-nio-8080-exec-1] DEBUG o.s.web.servlet.DispatcherServlet - Completed 200 OK
2025-02-26 11:47:41 [http-nio-8080-exec-2] DEBUG org.hibernate.SQL - 
    /* <criteria> */ [34mselect[0m
        m1_0.member_code,
        m1_0.created_at,
        m1_0.last_modified_at,
        m1_0.member_id,
        m1_0.member_phone,
        m1_0.member_pw,
        m1_0.role,
        m1_0.user_name 
    [34mfrom[0m
        [34mmember[0m m1_0 
    [34mwhere[0m
        m1_0.member_id=?
2025-02-26 11:47:41 [http-nio-8080-exec-2] DEBUG o.s.web.servlet.DispatcherServlet - GET "/favicon.ico", parameters={}
2025-02-26 11:47:41 [http-nio-8080-exec-2] DEBUG o.s.w.s.h.SimpleUrlHandlerMapping - Mapped to ResourceHttpRequestHandler [classpath [META-INF/resources/], classpath [resources/], classpath [static/], classpath [public/], ServletContext [/]]
2025-02-26 11:47:41 [http-nio-8080-exec-2] DEBUG o.s.w.s.r.ResourceHttpRequestHandler - Resource not found
2025-02-26 11:47:41 [http-nio-8080-exec-2] DEBUG o.s.w.s.m.s.DefaultHandlerExceptionResolver - Resolved [org.springframework.web.servlet.resource.NoResourceFoundException: No static resource favicon.ico.]
2025-02-26 11:47:41 [http-nio-8080-exec-2] DEBUG o.s.web.servlet.DispatcherServlet - Completed 404 NOT_FOUND
2025-02-26 11:47:49 [http-nio-8080-exec-3] DEBUG org.hibernate.SQL - 
    /* <criteria> */ [34mselect[0m
        m1_0.member_code,
        m1_0.created_at,
        m1_0.last_modified_at,
        m1_0.member_id,
        m1_0.member_phone,
        m1_0.member_pw,
        m1_0.role,
        m1_0.user_name 
    [34mfrom[0m
        [34mmember[0m m1_0 
    [34mwhere[0m
        m1_0.member_id=?
2025-02-26 11:47:49 [http-nio-8080-exec-3] DEBUG o.s.web.servlet.DispatcherServlet - GET "/auth/logout", parameters={}
2025-02-26 11:47:49 [http-nio-8080-exec-3] DEBUG o.s.w.s.m.m.a.RequestMappingHandlerMapping - Mapped to org.example.stockradar.feature.auth.controller.AuthController#logout(String, HttpServletResponse)
2025-02-26 11:47:49 [http-nio-8080-exec-3] DEBUG o.s.web.servlet.view.RedirectView - View name [redirect:], model {}
2025-02-26 11:47:49 [http-nio-8080-exec-3] DEBUG o.s.web.servlet.DispatcherServlet - Completed 302 FOUND
2025-02-26 11:47:49 [http-nio-8080-exec-4] DEBUG o.s.web.servlet.DispatcherServlet - GET "/login", parameters={}
2025-02-26 11:47:49 [http-nio-8080-exec-4] DEBUG o.s.w.s.m.m.a.RequestMappingHandlerMapping - Mapped to org.example.stockradar.feature.auth.controller.ViewController#loginForm()
2025-02-26 11:47:49 [http-nio-8080-exec-4] DEBUG o.s.w.s.v.ContentNegotiatingViewResolver - Selected 'text/html' given [text/html, application/xhtml+xml, image/avif, image/webp, image/apng, application/xml;q=0.9, */*;q=0.8, application/signed-exchange;v=b3;q=0.7]
2025-02-26 11:47:49 [http-nio-8080-exec-4] DEBUG o.s.web.servlet.DispatcherServlet - Completed 200 OK
2025-02-26 11:47:53 [http-nio-8080-exec-6] DEBUG o.s.web.servlet.DispatcherServlet - GET "/signup", parameters={}
2025-02-26 11:47:53 [http-nio-8080-exec-6] DEBUG o.s.w.s.m.m.a.RequestMappingHandlerMapping - Mapped to org.example.stockradar.feature.auth.controller.ViewController#signupForm()
2025-02-26 11:47:53 [http-nio-8080-exec-6] DEBUG o.s.w.s.v.ContentNegotiatingViewResolver - Selected 'text/html' given [text/html, application/xhtml+xml, image/avif, image/webp, image/apng, application/xml;q=0.9, */*;q=0.8, application/signed-exchange;v=b3;q=0.7]
2025-02-26 11:47:53 [http-nio-8080-exec-6] DEBUG o.s.web.servlet.DispatcherServlet - Completed 200 OK
2025-02-26 11:47:59 [http-nio-8080-exec-8] DEBUG o.s.web.servlet.DispatcherServlet - GET "/login", parameters={}
2025-02-26 11:47:59 [http-nio-8080-exec-8] DEBUG o.s.w.s.m.m.a.RequestMappingHandlerMapping - Mapped to org.example.stockradar.feature.auth.controller.ViewController#loginForm()
2025-02-26 11:47:59 [http-nio-8080-exec-8] DEBUG o.s.w.s.v.ContentNegotiatingViewResolver - Selected 'text/html' given [text/html, application/xhtml+xml, image/avif, image/webp, image/apng, application/xml;q=0.9, */*;q=0.8, application/signed-exchange;v=b3;q=0.7]
2025-02-26 11:47:59 [http-nio-8080-exec-8] DEBUG o.s.web.servlet.DispatcherServlet - Completed 200 OK
2025-02-26 11:48:00 [http-nio-8080-exec-10] DEBUG o.s.web.servlet.DispatcherServlet - GET "/signup", parameters={}
2025-02-26 11:48:00 [http-nio-8080-exec-10] DEBUG o.s.w.s.m.m.a.RequestMappingHandlerMapping - Mapped to org.example.stockradar.feature.auth.controller.ViewController#signupForm()
2025-02-26 11:48:00 [http-nio-8080-exec-10] DEBUG o.s.w.s.v.ContentNegotiatingViewResolver - Selected 'text/html' given [text/html, application/xhtml+xml, image/avif, image/webp, image/apng, application/xml;q=0.9, */*;q=0.8, application/signed-exchange;v=b3;q=0.7]
2025-02-26 11:48:00 [http-nio-8080-exec-10] DEBUG o.s.web.servlet.DispatcherServlet - Completed 200 OK
2025-02-26 11:49:57 [File Watcher] INFO  o.s.b.d.a.LocalDevToolsAutoConfiguration$RestartingClassPathChangeChangedEventListener - Restarting due to 7 class path changes (0 additions, 7 deletions, 0 modifications)
2025-02-26 11:49:57 [Thread-5] INFO  o.s.b.w.e.tomcat.GracefulShutdown - Commencing graceful shutdown. Waiting for active requests to complete
2025-02-26 11:49:57 [tomcat-shutdown] INFO  o.s.b.w.e.tomcat.GracefulShutdown - Graceful shutdown complete
2025-02-26 11:49:57 [Thread-5] INFO  o.s.o.j.LocalContainerEntityManagerFactoryBean - Closing JPA EntityManagerFactory for persistence unit 'default'
2025-02-26 11:49:57 [Thread-5] INFO  com.zaxxer.hikari.HikariDataSource - HikariPool-1 - Shutdown initiated...
2025-02-26 11:49:57 [Thread-5] INFO  com.zaxxer.hikari.HikariDataSource - HikariPool-1 - Shutdown completed.
2025-02-26 11:49:58 [restartedMain] INFO  o.e.stockradar.StockradarApplication - Starting StockradarApplication using Java 17.0.13 with PID 27407 (/Users/vf20093/Desktop/stockradar/build/classes/java/main started by vf20093 in /Users/vf20093/Desktop/stockradar)
2025-02-26 11:49:58 [restartedMain] INFO  o.e.stockradar.StockradarApplication - The following 1 profile is active: "local"
2025-02-26 11:49:58 [restartedMain] INFO  o.s.d.r.c.RepositoryConfigurationDelegate - Multiple Spring Data modules found, entering strict repository configuration mode
2025-02-26 11:49:58 [restartedMain] INFO  o.s.d.r.c.RepositoryConfigurationDelegate - Bootstrapping Spring Data JPA repositories in DEFAULT mode.
2025-02-26 11:49:58 [restartedMain] INFO  o.s.d.r.c.RepositoryConfigurationDelegate - Finished Spring Data repository scanning in 15 ms. Found 1 JPA repository interface.
2025-02-26 11:49:58 [restartedMain] INFO  o.s.d.r.c.RepositoryConfigurationDelegate - Multiple Spring Data modules found, entering strict repository configuration mode
2025-02-26 11:49:58 [restartedMain] INFO  o.s.d.r.c.RepositoryConfigurationDelegate - Bootstrapping Spring Data Redis repositories in DEFAULT mode.
2025-02-26 11:49:58 [restartedMain] INFO  o.s.d.r.c.RepositoryConfigurationExtensionSupport - Spring Data Redis - Could not safely identify store assignment for repository candidate interface org.example.stockradar.feature.auth.repository.MemberRepository; If you want this repository to be a Redis repository, consider annotating your entities with one of these annotations: org.springframework.data.redis.core.RedisHash (preferred), or consider extending one of the following types with your repository: org.springframework.data.keyvalue.repository.KeyValueRepository
2025-02-26 11:49:58 [restartedMain] INFO  o.s.d.r.c.RepositoryConfigurationDelegate - Finished Spring Data repository scanning in 6 ms. Found 0 Redis repository interfaces.
2025-02-26 11:49:58 [restartedMain] INFO  o.s.b.w.e.tomcat.TomcatWebServer - Tomcat initialized with port 8080 (http)
2025-02-26 11:49:58 [restartedMain] INFO  o.a.catalina.core.StandardService - Starting service [Tomcat]
2025-02-26 11:49:58 [restartedMain] INFO  o.a.catalina.core.StandardEngine - Starting Servlet engine: [Apache Tomcat/10.1.34]
2025-02-26 11:49:58 [restartedMain] INFO  o.a.c.c.C.[Tomcat].[localhost].[/] - Initializing Spring embedded WebApplicationContext
2025-02-26 11:49:59 [restartedMain] INFO  o.h.jpa.internal.util.LogHelper - HHH000204: Processing PersistenceUnitInfo [name: default]
2025-02-26 11:49:59 [restartedMain] INFO  o.h.c.i.RegionFactoryInitiator - HHH000026: Second-level cache disabled
2025-02-26 11:49:59 [restartedMain] INFO  o.s.o.j.p.SpringPersistenceUnitInfo - No LoadTimeWeaver setup: ignoring JPA class transformer
2025-02-26 11:49:59 [restartedMain] INFO  com.zaxxer.hikari.HikariDataSource - HikariPool-2 - Starting...
2025-02-26 11:49:59 [restartedMain] INFO  com.zaxxer.hikari.pool.HikariPool - HikariPool-2 - Added connection com.mysql.cj.jdbc.ConnectionImpl@6c1902c3
2025-02-26 11:49:59 [restartedMain] INFO  com.zaxxer.hikari.HikariDataSource - HikariPool-2 - Start completed.
2025-02-26 11:49:59 [restartedMain] INFO  o.hibernate.orm.connections.pooling - HHH10001005: Database info:
	Database JDBC URL [Connecting through datasource 'HikariDataSource (HikariPool-2)']
	Database driver: undefined/unknown
	Database version: 8.0.40
	Autocommit mode: undefined/unknown
	Isolation level: undefined/unknown
	Minimum pool size: undefined/unknown
	Maximum pool size: undefined/unknown
2025-02-26 11:49:59 [restartedMain] INFO  o.h.e.t.j.p.i.JtaPlatformInitiator - HHH000489: No JTA platform available (set 'hibernate.transaction.jta.platform' to enable JTA platform integration)
2025-02-26 11:49:59 [restartedMain] DEBUG org.hibernate.SQL - 
    [34mdrop[0m [34mtable[0m [34mif[0m [34mexists[0m [34mmember[0m
2025-02-26 11:49:59 [restartedMain] DEBUG org.hibernate.SQL - 
    [34mcreate[0m [34mtable[0m [34mmember[0m (
        created_at datetime(6) [34mnot[0m [34mnull[0m,
        last_modified_at datetime(6) [34mnot[0m [34mnull[0m,
        member_code [34mbigint[0m [34mnot[0m [34mnull[0m auto_increment,
        member_id [34mvarchar[0m(50) [34mnot[0m [34mnull[0m,
        member_phone [34mvarchar[0m(255),
        member_pw [34mvarchar[0m(255) [34mnot[0m [34mnull[0m,
        user_name [34mvarchar[0m(255) [34mnot[0m [34mnull[0m,
        role enum ([36m'ADMIN'[0m,[36m'[34mMEMBER[0m'[0m) [34mnot[0m [34mnull[0m,
        [34mprimary[0m [34mkey[0m (member_code)
    ) engine=InnoDB
2025-02-26 11:49:59 [restartedMain] DEBUG org.hibernate.SQL - 
    [34malter[0m [34mtable[0m [34mmember[0m 
       [34madd[0m [34mconstraint[0m UK4rw879c4q7wrgi3v64cy73b17 [34munique[0m (member_id)
2025-02-26 11:49:59 [restartedMain] INFO  o.s.o.j.LocalContainerEntityManagerFactoryBean - Initialized JPA EntityManagerFactory for persistence unit 'default'
2025-02-26 11:49:59 [restartedMain] INFO  o.s.o.j.LocalContainerEntityManagerFactoryBean - Closing JPA EntityManagerFactory for persistence unit 'default'
2025-02-26 11:49:59 [restartedMain] INFO  com.zaxxer.hikari.HikariDataSource - HikariPool-2 - Shutdown initiated...
2025-02-26 11:49:59 [restartedMain] INFO  com.zaxxer.hikari.HikariDataSource - HikariPool-2 - Shutdown completed.
2025-02-26 11:49:59 [restartedMain] INFO  o.a.catalina.core.StandardService - Stopping service [Tomcat]
2025-02-26 11:49:59 [restartedMain] INFO  o.s.b.a.l.ConditionEvaluationReportLogger - 

Error starting ApplicationContext. To display the condition evaluation report re-run your application with 'debug' enabled.
2025-02-26 11:49:59 [restartedMain] ERROR o.s.b.d.LoggingFailureAnalysisReporter - 

***************************
APPLICATION FAILED TO START
***************************

Description:

Parameter 0 of constructor in org.example.stockradar.config.SecurityConfig required a bean of type 'org.example.stockradar.feature.auth.service.CustomUserDetailsService' that could not be found.


Action:

Consider defining a bean of type 'org.example.stockradar.feature.auth.service.CustomUserDetailsService' in your configuration.

2025-02-26 11:50:00 [restartedMain] INFO  o.e.stockradar.StockradarApplication - Starting StockradarApplication using Java 17.0.13 with PID 27407 (/Users/vf20093/Desktop/stockradar/build/classes/java/main started by vf20093 in /Users/vf20093/Desktop/stockradar)
2025-02-26 11:50:00 [restartedMain] INFO  o.e.stockradar.StockradarApplication - The following 1 profile is active: "local"
2025-02-26 11:50:00 [restartedMain] INFO  o.s.d.r.c.RepositoryConfigurationDelegate - Multiple Spring Data modules found, entering strict repository configuration mode
2025-02-26 11:50:00 [restartedMain] INFO  o.s.d.r.c.RepositoryConfigurationDelegate - Bootstrapping Spring Data JPA repositories in DEFAULT mode.
2025-02-26 11:50:00 [restartedMain] INFO  o.s.d.r.c.RepositoryConfigurationDelegate - Finished Spring Data repository scanning in 4 ms. Found 1 JPA repository interface.
2025-02-26 11:50:00 [restartedMain] INFO  o.s.d.r.c.RepositoryConfigurationDelegate - Multiple Spring Data modules found, entering strict repository configuration mode
2025-02-26 11:50:00 [restartedMain] INFO  o.s.d.r.c.RepositoryConfigurationDelegate - Bootstrapping Spring Data Redis repositories in DEFAULT mode.
2025-02-26 11:50:00 [restartedMain] INFO  o.s.d.r.c.RepositoryConfigurationExtensionSupport - Spring Data Redis - Could not safely identify store assignment for repository candidate interface org.example.stockradar.feature.auth.repository.MemberRepository; If you want this repository to be a Redis repository, consider annotating your entities with one of these annotations: org.springframework.data.redis.core.RedisHash (preferred), or consider extending one of the following types with your repository: org.springframework.data.keyvalue.repository.KeyValueRepository
2025-02-26 11:50:00 [restartedMain] INFO  o.s.d.r.c.RepositoryConfigurationDelegate - Finished Spring Data repository scanning in 1 ms. Found 0 Redis repository interfaces.
2025-02-26 11:50:01 [restartedMain] INFO  o.s.b.w.e.tomcat.TomcatWebServer - Tomcat initialized with port 8080 (http)
2025-02-26 11:50:01 [restartedMain] INFO  o.a.catalina.core.StandardService - Starting service [Tomcat]
2025-02-26 11:50:01 [restartedMain] INFO  o.a.catalina.core.StandardEngine - Starting Servlet engine: [Apache Tomcat/10.1.34]
2025-02-26 11:50:01 [restartedMain] INFO  o.a.c.c.C.[Tomcat-1].[localhost].[/] - Initializing Spring embedded WebApplicationContext
2025-02-26 11:50:01 [restartedMain] INFO  o.h.jpa.internal.util.LogHelper - HHH000204: Processing PersistenceUnitInfo [name: default]
2025-02-26 11:50:01 [restartedMain] INFO  o.h.c.i.RegionFactoryInitiator - HHH000026: Second-level cache disabled
2025-02-26 11:50:01 [restartedMain] INFO  o.s.o.j.p.SpringPersistenceUnitInfo - No LoadTimeWeaver setup: ignoring JPA class transformer
2025-02-26 11:50:01 [restartedMain] INFO  com.zaxxer.hikari.HikariDataSource - HikariPool-3 - Starting...
2025-02-26 11:50:01 [restartedMain] INFO  com.zaxxer.hikari.pool.HikariPool - HikariPool-3 - Added connection com.mysql.cj.jdbc.ConnectionImpl@38bc81a4
2025-02-26 11:50:01 [restartedMain] INFO  com.zaxxer.hikari.HikariDataSource - HikariPool-3 - Start completed.
2025-02-26 11:50:01 [restartedMain] INFO  o.hibernate.orm.connections.pooling - HHH10001005: Database info:
	Database JDBC URL [Connecting through datasource 'HikariDataSource (HikariPool-3)']
	Database driver: undefined/unknown
	Database version: 8.0.40
	Autocommit mode: undefined/unknown
	Isolation level: undefined/unknown
	Minimum pool size: undefined/unknown
	Maximum pool size: undefined/unknown
2025-02-26 11:50:01 [restartedMain] INFO  o.h.e.t.j.p.i.JtaPlatformInitiator - HHH000489: No JTA platform available (set 'hibernate.transaction.jta.platform' to enable JTA platform integration)
2025-02-26 11:50:01 [restartedMain] DEBUG org.hibernate.SQL - 
    [34mdrop[0m [34mtable[0m [34mif[0m [34mexists[0m [34mmember[0m
2025-02-26 11:50:01 [restartedMain] DEBUG org.hibernate.SQL - 
    [34mcreate[0m [34mtable[0m [34mmember[0m (
        created_at datetime(6) [34mnot[0m [34mnull[0m,
        last_modified_at datetime(6) [34mnot[0m [34mnull[0m,
        member_code [34mbigint[0m [34mnot[0m [34mnull[0m auto_increment,
        member_id [34mvarchar[0m(50) [34mnot[0m [34mnull[0m,
        member_phone [34mvarchar[0m(255),
        member_pw [34mvarchar[0m(255) [34mnot[0m [34mnull[0m,
        user_name [34mvarchar[0m(255) [34mnot[0m [34mnull[0m,
        role enum ([36m'ADMIN'[0m,[36m'[34mMEMBER[0m'[0m) [34mnot[0m [34mnull[0m,
        [34mprimary[0m [34mkey[0m (member_code)
    ) engine=InnoDB
2025-02-26 11:50:01 [restartedMain] DEBUG org.hibernate.SQL - 
    [34malter[0m [34mtable[0m [34mmember[0m 
       [34madd[0m [34mconstraint[0m UK4rw879c4q7wrgi3v64cy73b17 [34munique[0m (member_id)
2025-02-26 11:50:01 [restartedMain] INFO  o.s.o.j.LocalContainerEntityManagerFactoryBean - Initialized JPA EntityManagerFactory for persistence unit 'default'
2025-02-26 11:50:01 [restartedMain] WARN  o.s.b.a.o.j.JpaBaseConfiguration$JpaWebConfiguration - spring.jpa.open-in-view is enabled by default. Therefore, database queries may be performed during view rendering. Explicitly configure spring.jpa.open-in-view to disable this warning
2025-02-26 11:50:01 [restartedMain] INFO  o.s.s.c.a.a.c.InitializeUserDetailsBeanManagerConfigurer$InitializeUserDetailsManagerConfigurer - Global AuthenticationManager configured with UserDetailsService bean with name customUserDetailsService
2025-02-26 11:50:01 [restartedMain] DEBUG o.s.w.s.m.m.a.RequestMappingHandlerMapping - 9 mappings in 'requestMappingHandlerMapping'
2025-02-26 11:50:01 [restartedMain] DEBUG o.s.w.s.h.SimpleUrlHandlerMapping - Patterns [/webjars/**, /**] in 'resourceHandlerMapping'
2025-02-26 11:50:01 [restartedMain] DEBUG o.s.w.s.m.m.a.RequestMappingHandlerAdapter - ControllerAdvice beans: 0 @ModelAttribute, 0 @InitBinder, 1 RequestBodyAdvice, 1 ResponseBodyAdvice
2025-02-26 11:50:01 [restartedMain] DEBUG o.s.w.s.m.m.a.ExceptionHandlerExceptionResolver - ControllerAdvice beans: 0 @ExceptionHandler, 1 ResponseBodyAdvice
2025-02-26 11:50:01 [restartedMain] INFO  o.s.b.d.a.OptionalLiveReloadServer - LiveReload server is running on port 35729
2025-02-26 11:50:01 [restartedMain] INFO  o.s.b.w.e.tomcat.TomcatWebServer - Tomcat started on port 8080 (http) with context path '/'
2025-02-26 11:50:01 [restartedMain] INFO  o.e.stockradar.StockradarApplication - Started StockradarApplication in 0.508 seconds (process running for 232.938)
2025-02-26 11:50:01 [restartedMain] INFO  o.s.b.d.a.ConditionEvaluationDeltaLoggingListener - Condition evaluation unchanged
2025-02-26 12:03:26 [HikariPool-3 housekeeper] WARN  com.zaxxer.hikari.pool.HikariPool - HikariPool-3 - Thread starvation or clock leap detected (housekeeper delta=12m25s416ms).
